<?xml version="1.0" encoding="UTF-8"?>
<!-- Generated by org.testng.reporters.JUnitXMLReporter -->
<testsuite hostname="DESKTOP-3ND57S0" ignored="1" name="DashBoardPage" tests="16" failures="0" timestamp="13 Feb 2018 17:54:51 GMT" time="257.733" errors="0">
  <testcase name="verifyUserNameTest" time="0.066" classname="com.jusdone.qa.testcases.DashBoardTest"/>
  <testcase name="verifySearchBox" time="0.078" classname="com.jusdone.qa.testcases.DashBoardTest"/>
  <testcase name="verifyTeamsLabel" time="0.088" classname="com.jusdone.qa.testcases.DashBoardTest"/>
  <testcase name="verifyDashBoardTab" time="0.098" classname="com.jusdone.qa.testcases.DashBoardTest"/>
  <testcase name="verifyTaskTabTest" time="0.064" classname="com.jusdone.qa.testcases.DashBoardTest"/>
  <testcase name="verifyTeamsTab" time="0.071" classname="com.jusdone.qa.testcases.DashBoardTest"/>
  <testcase name="verifyInvitesTab" time="0.064" classname="com.jusdone.qa.testcases.DashBoardTest"/>
  <testcase name="verifySettingsTab" time="0.067" classname="com.jusdone.qa.testcases.DashBoardTest"/>
  <testcase name="verifyMenuBar" time="0.071" classname="com.jusdone.qa.testcases.DashBoardTest"/>
  <testcase name="VerifyCreateNewTeamBtn" time="0.092" classname="com.jusdone.qa.testcases.DashBoardTest"/>
  <testcase name="VerifyBellBtn" time="0.063" classname="com.jusdone.qa.testcases.DashBoardTest"/>
  <testcase name="VerifyLogOutBtn" time="0.079" classname="com.jusdone.qa.testcases.DashBoardTest"/>
  <testcase name="EnteringTeamInputsTest" time="3.706" classname="com.jusdone.qa.testcases.DashBoardTest"/>
  <testcase name="CreateNewTaskLinkTest" time="0.069" classname="com.jusdone.qa.testcases.DashBoardTest"/>
  <testcase name="ClickTaskTabTest" time="1.093" classname="com.jusdone.qa.testcases.DashBoardTest"/>
  <testcase name="ClickLogOutBtnTest" time="1.03" classname="com.jusdone.qa.testcases.DashBoardTest"/>
  <testcase name="ClickCreateNewTaskLinkTest" time="0.0" classname="com.jusdone.qa.testcases.DashBoardTest">
    <ignored/>
  </testcase> <!-- ClickCreateNewTaskLinkTest -->
</testsuite> <!-- DashBoardPage -->
