<?xml version="1.0" encoding="UTF-8"?>
<!-- Generated by org.testng.reporters.JUnitXMLReporter -->
<testsuite hostname="DESKTOP-3ND57S0" ignored="0" name="LandingPage" tests="7" failures="0" timestamp="13 Feb 2018 17:48:06 GMT" time="63.349" errors="0">
  <testcase name="Landingpagetitletest" time="0.051" classname="com.jusdone.qa.testcases.LandingPageTest"/>
  <testcase name="SignUpLogoTest" time="0.073" classname="com.jusdone.qa.testcases.LandingPageTest"/>
  <testcase name="LoginLogoTest" time="0.092" classname="com.jusdone.qa.testcases.LandingPageTest"/>
  <testcase name="AboutusLogoTest" time="0.107" classname="com.jusdone.qa.testcases.LandingPageTest"/>
  <testcase name="ContactusLogoTest" time="0.077" classname="com.jusdone.qa.testcases.LandingPageTest"/>
  <testcase name="ClickbtnTest" time="4.006" classname="com.jusdone.qa.testcases.LandingPageTest"/>
  <testcase name="Clickbtn1Test" time="6.935" classname="com.jusdone.qa.testcases.LandingPageTest"/>
</testsuite> <!-- LandingPage -->
