<?xml version="1.0" encoding="UTF-8"?>
<!-- Generated by org.testng.reporters.JUnitXMLReporter -->
<testsuite hostname="DESKTOP-3ND57S0" ignored="2" name="Login" tests="6" failures="0" timestamp="13 Feb 2018 17:49:13 GMT" time="67.089" errors="0">
  <testcase name="verifyLoginNameTest" time="0.117" classname="com.jusdone.qa.testcases.LoginPageTest"/>
  <testcase name="verifyLoginBtnTest" time="0.103" classname="com.jusdone.qa.testcases.LoginPageTest"/>
  <testcase name="verifyCtrAnAcctTest" time="0.139" classname="com.jusdone.qa.testcases.LoginPageTest"/>
  <testcase name="ValidLoginTest" time="5.392" classname="com.jusdone.qa.testcases.LoginPageTest"/>
  <testcase name="InValidLoginTest" time="1.966" classname="com.jusdone.qa.testcases.LoginPageTest"/>
  <testcase name="BlankEmailTest" time="1.044" classname="com.jusdone.qa.testcases.LoginPageTest"/>
  <testcase name="verifyRememberMeTest" time="0.0" classname="com.jusdone.qa.testcases.LoginPageTest">
    <ignored/>
  </testcase> <!-- verifyRememberMeTest -->
  <testcase name="verifyForgotPasswordTest" time="0.0" classname="com.jusdone.qa.testcases.LoginPageTest">
    <ignored/>
  </testcase> <!-- verifyForgotPasswordTest -->
</testsuite> <!-- Login -->
