<?xml version="1.0" encoding="UTF-8"?>
<!-- Generated by org.testng.reporters.JUnitXMLReporter -->
<testsuite hostname="DESKTOP-3ND57S0" ignored="1" name="RegistrationPage" tests="7" failures="0" timestamp="13 Feb 2018 17:50:34 GMT" time="80.977" errors="0">
  <testcase name="verifyRegisterNameTest" time="0.169" classname="com.jusdone.qa.testcases.RegistrationPageTest"/>
  <testcase name="VerifySignInBtnTest" time="0.111" classname="com.jusdone.qa.testcases.RegistrationPageTest"/>
  <testcase name="ExistingUser" time="3.183" classname="com.jusdone.qa.testcases.RegistrationPageTest"/>
  <testcase name="PwdandConfirmPasswordnotMatched" time="2.561" classname="com.jusdone.qa.testcases.RegistrationPageTest"/>
  <testcase name="SpecialChracters" time="2.148" classname="com.jusdone.qa.testcases.RegistrationPageTest"/>
  <testcase name="BlankNameField" time="2.084" classname="com.jusdone.qa.testcases.RegistrationPageTest"/>
  <testcase name="ClickSignInBtnTest" time="0.709" classname="com.jusdone.qa.testcases.RegistrationPageTest"/>
  <testcase name="VerifyValidInputs" time="0.0" classname="com.jusdone.qa.testcases.RegistrationPageTest">
    <ignored/>
  </testcase> <!-- VerifyValidInputs -->
</testsuite> <!-- RegistrationPage -->
