<?xml version="1.0" encoding="UTF-8"?>
<!-- Generated by org.testng.reporters.JUnitXMLReporter -->
<testsuite hostname="DESKTOP-3ND57S0" ignored="0" name="Default test" tests="7" failures="0" timestamp="06 Feb 2018 18:08:12 GMT" time="58.975" errors="0">
  <testcase name="Landingpagetitletest" time="0.046" classname="com.jusdone.qa.testcases.LandingPageTest"/>
  <testcase name="SignUpLogoTest" time="0.11" classname="com.jusdone.qa.testcases.LandingPageTest"/>
  <testcase name="LoginLogoTest" time="0.079" classname="com.jusdone.qa.testcases.LandingPageTest"/>
  <testcase name="AboutusLogoTest" time="0.07" classname="com.jusdone.qa.testcases.LandingPageTest"/>
  <testcase name="ContactusLogoTest" time="0.075" classname="com.jusdone.qa.testcases.LandingPageTest"/>
  <testcase name="ClickbtnTest" time="3.555" classname="com.jusdone.qa.testcases.LandingPageTest"/>
  <testcase name="Clickbtn1Test" time="7.089" classname="com.jusdone.qa.testcases.LandingPageTest"/>
</testsuite> <!-- Default test -->
