<?xml version="1.0" encoding="UTF-8"?>
<!-- Generated by org.testng.reporters.JUnitXMLReporter -->
<testsuite hostname="DESKTOP-3ND57S0" ignored="0" name="Default test" tests="4" failures="0" timestamp="13 Feb 2018 17:24:50 GMT" time="71.408" errors="0">
  <testcase name="verifyCreateNewTaskLinkTest" time="3.112" classname="com.jusdone.qa.testcases.TaskPageTest"/>
  <testcase name="verifyMembersLinkTest" time="0.077" classname="com.jusdone.qa.testcases.TaskPageTest"/>
  <testcase name="verifySettingsLinkTest" time="0.091" classname="com.jusdone.qa.testcases.TaskPageTest"/>
  <testcase name="ClickCreateNewTaskLinkTest" time="4.199" classname="com.jusdone.qa.testcases.TaskPageTest"/>
</testsuite> <!-- Default test -->
