<?xml version="1.0" encoding="UTF-8"?>
<!-- Generated by org.testng.reporters.JUnitXMLReporter -->
<testsuite hostname="DESKTOP-3ND57S0" ignored="2" name="Login" tests="6" failures="0" timestamp="13 Feb 2018 17:30:55 GMT" time="64.498" errors="0">
  <testcase name="verifyLoginNameTest" time="0.16" classname="com.jusdone.qa.testcases.LoginPageTest"/>
  <testcase name="verifyLoginBtnTest" time="0.103" classname="com.jusdone.qa.testcases.LoginPageTest"/>
  <testcase name="verifyCtrAnAcctTest" time="0.095" classname="com.jusdone.qa.testcases.LoginPageTest"/>
  <testcase name="ValidLoginTest" time="4.772" classname="com.jusdone.qa.testcases.LoginPageTest"/>
  <testcase name="InValidLoginTest" time="1.951" classname="com.jusdone.qa.testcases.LoginPageTest"/>
  <testcase name="BlankEmailTest" time="0.95" classname="com.jusdone.qa.testcases.LoginPageTest"/>
  <testcase name="verifyRememberMeTest" time="0.0" classname="com.jusdone.qa.testcases.LoginPageTest">
    <ignored/>
  </testcase> <!-- verifyRememberMeTest -->
  <testcase name="verifyForgotPasswordTest" time="0.0" classname="com.jusdone.qa.testcases.LoginPageTest">
    <ignored/>
  </testcase> <!-- verifyForgotPasswordTest -->
</testsuite> <!-- Login -->
