<?xml version="1.0" encoding="UTF-8"?>
<!-- Generated by org.testng.reporters.JUnitXMLReporter -->
<testsuite hostname="DESKTOP-3ND57S0" ignored="1" name="RegistrationPage" tests="7" failures="0" timestamp="13 Feb 2018 17:32:19 GMT" time="84.64" errors="0">
  <testcase name="verifyRegisterNameTest" time="0.166" classname="com.jusdone.qa.testcases.RegistrationPageTest"/>
  <testcase name="VerifySignInBtnTest" time="0.115" classname="com.jusdone.qa.testcases.RegistrationPageTest"/>
  <testcase name="ExistingUser" time="3.096" classname="com.jusdone.qa.testcases.RegistrationPageTest"/>
  <testcase name="PwdandConfirmPasswordnotMatched" time="2.539" classname="com.jusdone.qa.testcases.RegistrationPageTest"/>
  <testcase name="SpecialChracters" time="1.751" classname="com.jusdone.qa.testcases.RegistrationPageTest"/>
  <testcase name="BlankNameField" time="1.87" classname="com.jusdone.qa.testcases.RegistrationPageTest"/>
  <testcase name="ClickSignInBtnTest" time="0.692" classname="com.jusdone.qa.testcases.RegistrationPageTest"/>
  <testcase name="VerifyValidInputs" time="0.0" classname="com.jusdone.qa.testcases.RegistrationPageTest">
    <ignored/>
  </testcase> <!-- VerifyValidInputs -->
</testsuite> <!-- RegistrationPage -->
