<?xml version="1.0" encoding="UTF-8"?>
<!-- Generated by org.testng.reporters.JUnitXMLReporter -->
<testsuite hostname="DESKTOP-3ND57S0" ignored="0" name="TaskPage" tests="4" failures="0" timestamp="13 Feb 2018 17:37:30 GMT" time="66.049" errors="0">
  <testcase name="verifyCreateNewTaskLinkTest" time="3.069" classname="com.jusdone.qa.testcases.TaskPageTest"/>
  <testcase name="verifyMembersLinkTest" time="0.078" classname="com.jusdone.qa.testcases.TaskPageTest"/>
  <testcase name="verifySettingsLinkTest" time="0.067" classname="com.jusdone.qa.testcases.TaskPageTest"/>
  <testcase name="ClickCreateNewTaskLinkTest" time="3.978" classname="com.jusdone.qa.testcases.TaskPageTest"/>
</testsuite> <!-- TaskPage -->
