<?xml version="1.0" encoding="UTF-8"?>
<testsuite xmlns:xsi="http://www.w3.org/2001/XMLSchema-instance" xsi:noNamespaceSchemaLocation="https://maven.apache.org/surefire/maven-surefire-plugin/xsd/surefire-test-report.xsd" name="TestSuite" time="537.113" tests="40" errors="0" skipped="0" failures="0">
  <properties>
[...]
</properties>
  <testcase name="Landingpagetitletest" classname="com.jusdone.qa.testcases.LandingPageTest" time="0.051"/>
  <testcase name="SignUpLogoTest" classname="com.jusdone.qa.testcases.LandingPageTest" time="0.072"/>
  <testcase name="LoginLogoTest" classname="com.jusdone.qa.testcases.LandingPageTest" time="0.093"/>
  <testcase name="AboutusLogoTest" classname="com.jusdone.qa.testcases.LandingPageTest" time="0.104"/>
  <testcase name="ContactusLogoTest" classname="com.jusdone.qa.testcases.LandingPageTest" time="0.074"/>
  <testcase name="ClickbtnTest" classname="com.jusdone.qa.testcases.LandingPageTest" time="4.005"/>
  <testcase name="Clickbtn1Test" classname="com.jusdone.qa.testcases.LandingPageTest" time="6.935"/>
  <testcase name="verifyLoginNameTest" classname="com.jusdone.qa.testcases.LoginPageTest" time="0.115"/>
  <testcase name="verifyLoginBtnTest" classname="com.jusdone.qa.testcases.LoginPageTest" time="0.103"/>
  <testcase name="verifyCtrAnAcctTest" classname="com.jusdone.qa.testcases.LoginPageTest" time="0.148"/>
  <testcase name="ValidLoginTest" classname="com.jusdone.qa.testcases.LoginPageTest" time="5.387"/>
  <testcase name="InValidLoginTest" classname="com.jusdone.qa.testcases.LoginPageTest" time="1.965"/>
  <testcase name="BlankEmailTest" classname="com.jusdone.qa.testcases.LoginPageTest" time="1.043"/>
  <testcase name="verifyRegisterNameTest" classname="com.jusdone.qa.testcases.RegistrationPageTest" time="0.167"/>
  <testcase name="VerifySignInBtnTest" classname="com.jusdone.qa.testcases.RegistrationPageTest" time="0.11"/>
  <testcase name="ExistingUser" classname="com.jusdone.qa.testcases.RegistrationPageTest" time="3.184"/>
  <testcase name="PwdandConfirmPasswordnotMatched" classname="com.jusdone.qa.testcases.RegistrationPageTest" time="2.554"/>
  <testcase name="SpecialChracters" classname="com.jusdone.qa.testcases.RegistrationPageTest" time="2.148"/>
  <testcase name="BlankNameField" classname="com.jusdone.qa.testcases.RegistrationPageTest" time="2.084"/>
  <testcase name="ClickSignInBtnTest" classname="com.jusdone.qa.testcases.RegistrationPageTest" time="0.711"/>
  <testcase name="verifyUserNameTest" classname="com.jusdone.qa.testcases.DashBoardTest" time="0.066"/>
  <testcase name="verifySearchBox" classname="com.jusdone.qa.testcases.DashBoardTest" time="0.078"/>
  <testcase name="verifyTeamsLabel" classname="com.jusdone.qa.testcases.DashBoardTest" time="0.088"/>
  <testcase name="verifyDashBoardTab" classname="com.jusdone.qa.testcases.DashBoardTest" time="0.093"/>
  <testcase name="verifyTaskTabTest" classname="com.jusdone.qa.testcases.DashBoardTest" time="0.063"/>
  <testcase name="verifyTeamsTab" classname="com.jusdone.qa.testcases.DashBoardTest" time="0.072"/>
  <testcase name="verifyInvitesTab" classname="com.jusdone.qa.testcases.DashBoardTest" time="0.065"/>
  <testcase name="verifySettingsTab" classname="com.jusdone.qa.testcases.DashBoardTest" time="0.068"/>
  <testcase name="verifyMenuBar" classname="com.jusdone.qa.testcases.DashBoardTest" time="0.071"/>
  <testcase name="VerifyCreateNewTeamBtn" classname="com.jusdone.qa.testcases.DashBoardTest" time="0.092"/>
  <testcase name="VerifyBellBtn" classname="com.jusdone.qa.testcases.DashBoardTest" time="0.062"/>
  <testcase name="VerifyLogOutBtn" classname="com.jusdone.qa.testcases.DashBoardTest" time="0.08"/>
  <testcase name="EnteringTeamInputsTest" classname="com.jusdone.qa.testcases.DashBoardTest" time="3.704"/>
  <testcase name="CreateNewTaskLinkTest" classname="com.jusdone.qa.testcases.DashBoardTest" time="0.069"/>
  <testcase name="ClickTaskTabTest" classname="com.jusdone.qa.testcases.DashBoardTest" time="1.094"/>
  <testcase name="ClickLogOutBtnTest" classname="com.jusdone.qa.testcases.DashBoardTest" time="1.031"/>
  <testcase name="verifyCreateNewTaskLinkTest" classname="com.jusdone.qa.testcases.TaskPageTest" time="3.078"/>
  <testcase name="verifyMembersLinkTest" classname="com.jusdone.qa.testcases.TaskPageTest" time="0.072"/>
  <testcase name="verifySettingsLinkTest" classname="com.jusdone.qa.testcases.TaskPageTest" time="0.101"/>
  <testcase name="ClickCreateNewTaskLinkTest" classname="com.jusdone.qa.testcases.TaskPageTest" time="4.062"/>
</testsuite>