<?xml version="1.0" encoding="UTF-8"?>
<testsuite xmlns:xsi="http://www.w3.org/2001/XMLSchema-instance" xsi:noNamespaceSchemaLocation="https://maven.apache.org/surefire/maven-surefire-plugin/xsd/surefire-test-report.xsd" name="TestSuite" time="701.443" tests="44" errors="0" skipped="0" failures="3">
  <properties>
[...]
</properties>
  <testcase name="verifyUserNameTest" classname="com.jusdone.qa.testcases.DashBoardTest" time="0.151"/>
  <testcase name="Landingpagetitletest" classname="com.jusdone.qa.testcases.LandingPageTest" time="0.072"/>
  <testcase name="verifyLoginNameTest" classname="com.jusdone.qa.testcases.LoginPageTest" time="0.224"/>
  <testcase name="verifyRegisterNameTest" classname="com.jusdone.qa.testcases.RegistrationPageTest" time="0.32"/>
  <testcase name="verifyCreateNewTaskLinkTest" classname="com.jusdone.qa.testcases.TaskPageTest" time="3.162"/>
  <testcase name="verifySearchBox" classname="com.jusdone.qa.testcases.DashBoardTest" time="0.148"/>
  <testcase name="SignUpLogoTest" classname="com.jusdone.qa.testcases.LandingPageTest" time="0.17"/>
  <testcase name="verifyLoginBtnTest" classname="com.jusdone.qa.testcases.LoginPageTest" time="0.283"/>
  <testcase name="VerifySignInBtnTest" classname="com.jusdone.qa.testcases.RegistrationPageTest" time="0.872"/>
  <testcase name="verifyMembersLinkTest" classname="com.jusdone.qa.testcases.TaskPageTest" time="0.373"/>
  <testcase name="verifyTeamsLabel" classname="com.jusdone.qa.testcases.DashBoardTest" time="0.168"/>
  <testcase name="LoginLogoTest" classname="com.jusdone.qa.testcases.LandingPageTest" time="0.146"/>
  <testcase name="verifyForgotPasswordTest" classname="com.jusdone.qa.testcases.LoginPageTest" time="0.163"/>
  <testcase name="VerifyValidInputs" classname="com.jusdone.qa.testcases.RegistrationPageTest" time="25.114">
    <failure message="no such element: Unable to locate element: {&quot;method&quot;:&quot;xpath&quot;,&quot;selector&quot;:&quot;//*[@id=&apos;sidebar&apos;]/div/p[1]&quot;}&#10;  (Session info: chrome=63.0.3239.132)&#10;  (Driver info: chromedriver=2.33.506120 (e3e53437346286c0bc2d2dc9aa4915ba81d9023f),platform=Windows NT 10.0.16299 x86_64) (WARNING: The server did not provide any stacktrace information)&#10;Command duration or timeout: 0 milliseconds&#10;For documentation on this error, please visit: http://seleniumhq.org/exceptions/no_such_element.html&#10;Build info: version: &apos;3.6.0&apos;, revision: &apos;6fbf3ec767&apos;, time: &apos;2017-09-27T15:28:36.4Z&apos;&#10;System info: host: &apos;DESKTOP-3ND57S0&apos;, ip: &apos;192.168.1.193&apos;, os.name: &apos;Windows 10&apos;, os.arch: &apos;amd64&apos;, os.version: &apos;10.0&apos;, java.version: &apos;1.8.0_151&apos;&#10;Driver info: org.openqa.selenium.chrome.ChromeDriver&#10;Capabilities [{mobileEmulationEnabled=false, hasTouchScreen=false, platform=XP, acceptSslCerts=true, webStorageEnabled=true, browserName=chrome, takesScreenshot=true, javascriptEnabled=true, platformName=XP, setWindowRect=true, unexpectedAlertBehaviour=, applicationCacheEnabled=false, rotatable=false, networkConnectionEnabled=false, chrome={chromedriverVersion=2.33.506120 (e3e53437346286c0bc2d2dc9aa4915ba81d9023f), userDataDir=C:\Users\Murali\AppData\Local\Temp\scoped_dir8088_30357}, takesHeapSnapshot=true, pageLoadStrategy=normal, unhandledPromptBehavior=, databaseEnabled=false, handlesAlerts=true, version=63.0.3239.132, browserConnectionEnabled=false, nativeEvents=true, locationContextEnabled=true, cssSelectorsEnabled=true}]&#10;Session ID: 5dbd82ad703f7e58e34eecf1f98eabb3&#10;*** Element info: {Using=xpath, value=//*[@id=&apos;sidebar&apos;]/div/p[1]}" type="org.openqa.selenium.NoSuchElementException">org.openqa.selenium.NoSuchElementException: 
no such element: Unable to locate element: {"method":"xpath","selector":"//*[@id='sidebar']/div/p[1]"}
  (Session info: chrome=63.0.3239.132)
  (Driver info: chromedriver=2.33.506120 (e3e53437346286c0bc2d2dc9aa4915ba81d9023f),platform=Windows NT 10.0.16299 x86_64) (WARNING: The server did not provide any stacktrace information)
Command duration or timeout: 0 milliseconds
For documentation on this error, please visit: http://seleniumhq.org/exceptions/no_such_element.html
Build info: version: '3.6.0', revision: '6fbf3ec767', time: '2017-09-27T15:28:36.4Z'
System info: host: 'DESKTOP-3ND57S0', ip: '192.168.1.193', os.name: 'Windows 10', os.arch: 'amd64', os.version: '10.0', java.version: '1.8.0_151'
Driver info: org.openqa.selenium.chrome.ChromeDriver
Capabilities [{mobileEmulationEnabled=false, hasTouchScreen=false, platform=XP, acceptSslCerts=true, webStorageEnabled=true, browserName=chrome, takesScreenshot=true, javascriptEnabled=true, platformName=XP, setWindowRect=true, unexpectedAlertBehaviour=, applicationCacheEnabled=false, rotatable=false, networkConnectionEnabled=false, chrome={chromedriverVersion=2.33.506120 (e3e53437346286c0bc2d2dc9aa4915ba81d9023f), userDataDir=C:\Users\Murali\AppData\Local\Temp\scoped_dir8088_30357}, takesHeapSnapshot=true, pageLoadStrategy=normal, unhandledPromptBehavior=, databaseEnabled=false, handlesAlerts=true, version=63.0.3239.132, browserConnectionEnabled=false, nativeEvents=true, locationContextEnabled=true, cssSelectorsEnabled=true}]
Session ID: 5dbd82ad703f7e58e34eecf1f98eabb3
*** Element info: {Using=xpath, value=//*[@id='sidebar']/div/p[1]}
	at com.jusdone.qa.testcases.RegistrationPageTest.VerifyValidInputs(RegistrationPageTest.java:68)
</failure>
    <system-out><![CDATA[02-06-2018 18:07:40 RequestAddCookies.java DEBUG [Forwarding quit on session 8ed44880700a2b961ca07d819375ffab to remote] protocol.RequestAddCookies 123 - CookieSpec selected: default
02-06-2018 18:07:40 RequestAuthCache.java DEBUG [Forwarding quit on session 8ed44880700a2b961ca07d819375ffab to remote] protocol.RequestAuthCache 77 - Auth cache not set in the context
02-06-2018 18:07:40 PoolingHttpClientConnectionManager.java DEBUG [Forwarding quit on session 8ed44880700a2b961ca07d819375ffab to remote] conn.PoolingHttpClientConnectionManager 255 - Connection request: [route: {}->http://localhost:15653][total kept alive: 0; route allocated: 0 of 2000; total allocated: 0 of 2000]
02-06-2018 18:07:40 PoolingHttpClientConnectionManager.java DEBUG [Forwarding quit on session 8ed44880700a2b961ca07d819375ffab to remote] conn.PoolingHttpClientConnectionManager 288 - Connection leased: [id: 171][route: {}->http://localhost:15653][total kept alive: 0; route allocated: 1 of 2000; total allocated: 1 of 2000]
02-06-2018 18:07:40 MainClientExec.java DEBUG [Forwarding quit on session 8ed44880700a2b961ca07d819375ffab to remote] execchain.MainClientExec 235 - Opening connection {}->http://localhost:15653
02-06-2018 18:07:40 DefaultHttpClientConnectionOperator.java DEBUG [Forwarding quit on session 8ed44880700a2b961ca07d819375ffab to remote] conn.DefaultHttpClientConnectionOperator 139 - Connecting to localhost/127.0.0.1:15653
02-06-2018 18:07:40 DefaultHttpClientConnectionOperator.java DEBUG [Forwarding quit on session 8ed44880700a2b961ca07d819375ffab to remote] conn.DefaultHttpClientConnectionOperator 146 - Connection established 127.0.0.1:50635<->127.0.0.1:15653
02-06-2018 18:07:40 LoggingManagedHttpClientConnection.java DEBUG [Forwarding quit on session 8ed44880700a2b961ca07d819375ffab to remote] conn.DefaultManagedHttpClientConnection 88 - http-outgoing-171: set socket timeout to 10800000
02-06-2018 18:07:40 MainClientExec.java DEBUG [Forwarding quit on session 8ed44880700a2b961ca07d819375ffab to remote] execchain.MainClientExec 256 - Executing request DELETE /session/8ed44880700a2b961ca07d819375ffab HTTP/1.1
02-06-2018 18:07:40 MainClientExec.java DEBUG [Forwarding quit on session 8ed44880700a2b961ca07d819375ffab to remote] execchain.MainClientExec 261 - Target auth state: UNCHALLENGED
02-06-2018 18:07:40 MainClientExec.java DEBUG [Forwarding quit on session 8ed44880700a2b961ca07d819375ffab to remote] execchain.MainClientExec 267 - Proxy auth state: UNCHALLENGED
02-06-2018 18:07:40 LoggingManagedHttpClientConnection.java DEBUG [Forwarding quit on session 8ed44880700a2b961ca07d819375ffab to remote] http.headers 133 - http-outgoing-171 >> DELETE /session/8ed44880700a2b961ca07d819375ffab HTTP/1.1
02-06-2018 18:07:40 LoggingManagedHttpClientConnection.java DEBUG [Forwarding quit on session 8ed44880700a2b961ca07d819375ffab to remote] http.headers 136 - http-outgoing-171 >> Host: localhost:15653
02-06-2018 18:07:40 LoggingManagedHttpClientConnection.java DEBUG [Forwarding quit on session 8ed44880700a2b961ca07d819375ffab to remote] http.headers 136 - http-outgoing-171 >> Connection: Keep-Alive
02-06-2018 18:07:40 LoggingManagedHttpClientConnection.java DEBUG [Forwarding quit on session 8ed44880700a2b961ca07d819375ffab to remote] http.headers 136 - http-outgoing-171 >> User-Agent: Apache-HttpClient/4.5.3 (Java/1.8.0_151)
02-06-2018 18:07:40 LoggingManagedHttpClientConnection.java DEBUG [Forwarding quit on session 8ed44880700a2b961ca07d819375ffab to remote] http.headers 136 - http-outgoing-171 >> Accept-Encoding: gzip,deflate
02-06-2018 18:07:40 Wire.java DEBUG [Forwarding quit on session 8ed44880700a2b961ca07d819375ffab to remote] http.wire 73 - http-outgoing-171 >> "DELETE /session/8ed44880700a2b961ca07d819375ffab HTTP/1.1[\r][\n]"
02-06-2018 18:07:40 Wire.java DEBUG [Forwarding quit on session 8ed44880700a2b961ca07d819375ffab to remote] http.wire 73 - http-outgoing-171 >> "Host: localhost:15653[\r][\n]"
02-06-2018 18:07:40 Wire.java DEBUG [Forwarding quit on session 8ed44880700a2b961ca07d819375ffab to remote] http.wire 73 - http-outgoing-171 >> "Connection: Keep-Alive[\r][\n]"
02-06-2018 18:07:40 Wire.java DEBUG [Forwarding quit on session 8ed44880700a2b961ca07d819375ffab to remote] http.wire 73 - http-outgoing-171 >> "User-Agent: Apache-HttpClient/4.5.3 (Java/1.8.0_151)[\r][\n]"
02-06-2018 18:07:40 Wire.java DEBUG [Forwarding quit on session 8ed44880700a2b961ca07d819375ffab to remote] http.wire 73 - http-outgoing-171 >> "Accept-Encoding: gzip,deflate[\r][\n]"
02-06-2018 18:07:40 Wire.java DEBUG [Forwarding quit on session 8ed44880700a2b961ca07d819375ffab to remote] http.wire 73 - http-outgoing-171 >> "[\r][\n]"
02-06-2018 18:07:40 Wire.java DEBUG [Forwarding quit on session 8ed44880700a2b961ca07d819375ffab to remote] http.wire 73 - http-outgoing-171 << "HTTP/1.1 200 OK[\r][\n]"
02-06-2018 18:07:40 Wire.java DEBUG [Forwarding quit on session 8ed44880700a2b961ca07d819375ffab to remote] http.wire 73 - http-outgoing-171 << "Content-Length:72[\r][\n]"
02-06-2018 18:07:40 Wire.java DEBUG [Forwarding quit on session 8ed44880700a2b961ca07d819375ffab to remote] http.wire 73 - http-outgoing-171 << "Content-Type:application/json; charset=utf-8[\r][\n]"
02-06-2018 18:07:40 Wire.java DEBUG [Forwarding quit on session 8ed44880700a2b961ca07d819375ffab to remote] http.wire 73 - http-outgoing-171 << "Connection:close[\r][\n]"
02-06-2018 18:07:40 Wire.java DEBUG [Forwarding quit on session 8ed44880700a2b961ca07d819375ffab to remote] http.wire 73 - http-outgoing-171 << "[\r][\n]"
02-06-2018 18:07:40 Wire.java DEBUG [Forwarding quit on session 8ed44880700a2b961ca07d819375ffab to remote] http.wire 87 - http-outgoing-171 << "{"sessionId":"8ed44880700a2b961ca07d819375ffab","status":0,"value":null}"
02-06-2018 18:07:40 LoggingManagedHttpClientConnection.java DEBUG [Forwarding quit on session 8ed44880700a2b961ca07d819375ffab to remote] http.headers 122 - http-outgoing-171 << HTTP/1.1 200 OK
02-06-2018 18:07:40 LoggingManagedHttpClientConnection.java DEBUG [Forwarding quit on session 8ed44880700a2b961ca07d819375ffab to remote] http.headers 125 - http-outgoing-171 << Content-Length:72
02-06-2018 18:07:40 LoggingManagedHttpClientConnection.java DEBUG [Forwarding quit on session 8ed44880700a2b961ca07d819375ffab to remote] http.headers 125 - http-outgoing-171 << Content-Type:application/json; charset=utf-8
02-06-2018 18:07:40 LoggingManagedHttpClientConnection.java DEBUG [Forwarding quit on session 8ed44880700a2b961ca07d819375ffab to remote] http.headers 125 - http-outgoing-171 << Connection:close
02-06-2018 18:07:40 LoggingManagedHttpClientConnection.java DEBUG [Forwarding quit on session 8ed44880700a2b961ca07d819375ffab to remote] conn.DefaultManagedHttpClientConnection 79 - http-outgoing-171: Close connection
02-06-2018 18:07:40 ConnectionHolder.java DEBUG [Forwarding quit on session 8ed44880700a2b961ca07d819375ffab to remote] execchain.MainClientExec 104 - Connection discarded
02-06-2018 18:07:40 PoolingHttpClientConnectionManager.java DEBUG [Forwarding quit on session 8ed44880700a2b961ca07d819375ffab to remote] conn.PoolingHttpClientConnectionManager 326 - Connection released: [id: 171][route: {}->http://localhost:15653][total kept alive: 0; route allocated: 0 of 2000; total allocated: 0 of 2000]
02-06-2018 18:07:40 PoolingHttpClientConnectionManager.java DEBUG [Forwarding quit on session 8ed44880700a2b961ca07d819375ffab to remote] conn.PoolingHttpClientConnectionManager 407 - Closing connections idle longer than 0 SECONDS
Teja2
Teja23@yahoo.com
Teja123
Teja123
02-06-2018 18:07:44 RequestAddCookies.java DEBUG [Forwarding newSession on session null to remote] protocol.RequestAddCookies 123 - CookieSpec selected: default
02-06-2018 18:07:44 RequestAuthCache.java DEBUG [Forwarding newSession on session null to remote] protocol.RequestAuthCache 77 - Auth cache not set in the context
02-06-2018 18:07:44 PoolingHttpClientConnectionManager.java DEBUG [Forwarding newSession on session null to remote] conn.PoolingHttpClientConnectionManager 255 - Connection request: [route: {}->http://localhost:36586][total kept alive: 0; route allocated: 0 of 2000; total allocated: 0 of 2000]
02-06-2018 18:07:44 PoolingHttpClientConnectionManager.java DEBUG [Forwarding newSession on session null to remote] conn.PoolingHttpClientConnectionManager 288 - Connection leased: [id: 172][route: {}->http://localhost:36586][total kept alive: 0; route allocated: 1 of 2000; total allocated: 1 of 2000]
02-06-2018 18:07:44 MainClientExec.java DEBUG [Forwarding newSession on session null to remote] execchain.MainClientExec 235 - Opening connection {}->http://localhost:36586
02-06-2018 18:07:44 DefaultHttpClientConnectionOperator.java DEBUG [Forwarding newSession on session null to remote] conn.DefaultHttpClientConnectionOperator 139 - Connecting to localhost/127.0.0.1:36586
02-06-2018 18:07:44 DefaultHttpClientConnectionOperator.java DEBUG [Forwarding newSession on session null to remote] conn.DefaultHttpClientConnectionOperator 146 - Connection established 127.0.0.1:50640<->127.0.0.1:36586
02-06-2018 18:07:44 LoggingManagedHttpClientConnection.java DEBUG [Forwarding newSession on session null to remote] conn.DefaultManagedHttpClientConnection 88 - http-outgoing-172: set socket timeout to 10800000
02-06-2018 18:07:44 MainClientExec.java DEBUG [Forwarding newSession on session null to remote] execchain.MainClientExec 256 - Executing request POST /session HTTP/1.1
02-06-2018 18:07:44 MainClientExec.java DEBUG [Forwarding newSession on session null to remote] execchain.MainClientExec 261 - Target auth state: UNCHALLENGED
02-06-2018 18:07:44 MainClientExec.java DEBUG [Forwarding newSession on session null to remote] execchain.MainClientExec 267 - Proxy auth state: UNCHALLENGED
02-06-2018 18:07:44 LoggingManagedHttpClientConnection.java DEBUG [Forwarding newSession on session null to remote] http.headers 133 - http-outgoing-172 >> POST /session HTTP/1.1
02-06-2018 18:07:44 LoggingManagedHttpClientConnection.java DEBUG [Forwarding newSession on session null to remote] http.headers 136 - http-outgoing-172 >> Content-Type: application/json; charset=utf-8
02-06-2018 18:07:44 LoggingManagedHttpClientConnection.java DEBUG [Forwarding newSession on session null to remote] http.headers 136 - http-outgoing-172 >> Content-Length: 560
02-06-2018 18:07:44 LoggingManagedHttpClientConnection.java DEBUG [Forwarding newSession on session null to remote] http.headers 136 - http-outgoing-172 >> Host: localhost:36586
02-06-2018 18:07:44 LoggingManagedHttpClientConnection.java DEBUG [Forwarding newSession on session null to remote] http.headers 136 - http-outgoing-172 >> Connection: Keep-Alive
02-06-2018 18:07:44 LoggingManagedHttpClientConnection.java DEBUG [Forwarding newSession on session null to remote] http.headers 136 - http-outgoing-172 >> User-Agent: Apache-HttpClient/4.5.3 (Java/1.8.0_151)
02-06-2018 18:07:44 LoggingManagedHttpClientConnection.java DEBUG [Forwarding newSession on session null to remote] http.headers 136 - http-outgoing-172 >> Accept-Encoding: gzip,deflate
02-06-2018 18:07:44 Wire.java DEBUG [Forwarding newSession on session null to remote] http.wire 73 - http-outgoing-172 >> "POST /session HTTP/1.1[\r][\n]"
02-06-2018 18:07:44 Wire.java DEBUG [Forwarding newSession on session null to remote] http.wire 73 - http-outgoing-172 >> "Content-Type: application/json; charset=utf-8[\r][\n]"
02-06-2018 18:07:44 Wire.java DEBUG [Forwarding newSession on session null to remote] http.wire 73 - http-outgoing-172 >> "Content-Length: 560[\r][\n]"
02-06-2018 18:07:44 Wire.java DEBUG [Forwarding newSession on session null to remote] http.wire 73 - http-outgoing-172 >> "Host: localhost:36586[\r][\n]"
02-06-2018 18:07:44 Wire.java DEBUG [Forwarding newSession on session null to remote] http.wire 73 - http-outgoing-172 >> "Connection: Keep-Alive[\r][\n]"
02-06-2018 18:07:44 Wire.java DEBUG [Forwarding newSession on session null to remote] http.wire 73 - http-outgoing-172 >> "User-Agent: Apache-HttpClient/4.5.3 (Java/1.8.0_151)[\r][\n]"
02-06-2018 18:07:44 Wire.java DEBUG [Forwarding newSession on session null to remote] http.wire 73 - http-outgoing-172 >> "Accept-Encoding: gzip,deflate[\r][\n]"
02-06-2018 18:07:44 Wire.java DEBUG [Forwarding newSession on session null to remote] http.wire 73 - http-outgoing-172 >> "[\r][\n]"
02-06-2018 18:07:44 Wire.java DEBUG [Forwarding newSession on session null to remote] http.wire 73 - http-outgoing-172 >> "{[\n]"
02-06-2018 18:07:44 Wire.java DEBUG [Forwarding newSession on session null to remote] http.wire 73 - http-outgoing-172 >> "  "desiredCapabilities": {[\n]"
02-06-2018 18:07:44 Wire.java DEBUG [Forwarding newSession on session null to remote] http.wire 73 - http-outgoing-172 >> "    "browserName": "chrome",[\n]"
02-06-2018 18:07:44 Wire.java DEBUG [Forwarding newSession on session null to remote] http.wire 73 - http-outgoing-172 >> "    "goog:chromeOptions": {[\n]"
02-06-2018 18:07:44 Wire.java DEBUG [Forwarding newSession on session null to remote] http.wire 73 - http-outgoing-172 >> "      "args": [],[\n]"
02-06-2018 18:07:44 Wire.java DEBUG [Forwarding newSession on session null to remote] http.wire 73 - http-outgoing-172 >> "      "extensions": [][\n]"
02-06-2018 18:07:44 Wire.java DEBUG [Forwarding newSession on session null to remote] http.wire 73 - http-outgoing-172 >> "    }[\n]"
02-06-2018 18:07:44 Wire.java DEBUG [Forwarding newSession on session null to remote] http.wire 73 - http-outgoing-172 >> "  },[\n]"
02-06-2018 18:07:44 Wire.java DEBUG [Forwarding newSession on session null to remote] http.wire 73 - http-outgoing-172 >> "  "requiredCapabilities": {},[\n]"
02-06-2018 18:07:44 Wire.java DEBUG [Forwarding newSession on session null to remote] http.wire 73 - http-outgoing-172 >> "  "capabilities": {[\n]"
02-06-2018 18:07:44 Wire.java DEBUG [Forwarding newSession on session null to remote] http.wire 73 - http-outgoing-172 >> "    "desiredCapabilities": {[\n]"
02-06-2018 18:07:44 Wire.java DEBUG [Forwarding newSession on session null to remote] http.wire 73 - http-outgoing-172 >> "      "browserName": "chrome",[\n]"
02-06-2018 18:07:44 Wire.java DEBUG [Forwarding newSession on session null to remote] http.wire 73 - http-outgoing-172 >> "      "goog:chromeOptions": {[\n]"
02-06-2018 18:07:44 Wire.java DEBUG [Forwarding newSession on session null to remote] http.wire 73 - http-outgoing-172 >> "        "args": [],[\n]"
02-06-2018 18:07:44 Wire.java DEBUG [Forwarding newSession on session null to remote] http.wire 73 - http-outgoing-172 >> "        "extensions": [][\n]"
02-06-2018 18:07:44 Wire.java DEBUG [Forwarding newSession on session null to remote] http.wire 73 - http-outgoing-172 >> "      }[\n]"
02-06-2018 18:07:44 Wire.java DEBUG [Forwarding newSession on session null to remote] http.wire 73 - http-outgoing-172 >> "    },[\n]"
02-06-2018 18:07:44 Wire.java DEBUG [Forwarding newSession on session null to remote] http.wire 73 - http-outgoing-172 >> "    "requiredCapabilities": {},[\n]"
02-06-2018 18:07:44 Wire.java DEBUG [Forwarding newSession on session null to remote] http.wire 73 - http-outgoing-172 >> "    "alwaysMatch": {[\n]"
02-06-2018 18:07:44 Wire.java DEBUG [Forwarding newSession on session null to remote] http.wire 73 - http-outgoing-172 >> "      "goog:chromeOptions": {[\n]"
02-06-2018 18:07:44 Wire.java DEBUG [Forwarding newSession on session null to remote] http.wire 73 - http-outgoing-172 >> "        "args": [],[\n]"
02-06-2018 18:07:44 Wire.java DEBUG [Forwarding newSession on session null to remote] http.wire 73 - http-outgoing-172 >> "        "extensions": [][\n]"
02-06-2018 18:07:44 Wire.java DEBUG [Forwarding newSession on session null to remote] http.wire 73 - http-outgoing-172 >> "      }[\n]"
02-06-2018 18:07:44 Wire.java DEBUG [Forwarding newSession on session null to remote] http.wire 73 - http-outgoing-172 >> "    },[\n]"
02-06-2018 18:07:44 Wire.java DEBUG [Forwarding newSession on session null to remote] http.wire 73 - http-outgoing-172 >> "    "firstMatch": [[\n]"
02-06-2018 18:07:44 Wire.java DEBUG [Forwarding newSession on session null to remote] http.wire 73 - http-outgoing-172 >> "      {[\n]"
02-06-2018 18:07:44 Wire.java DEBUG [Forwarding newSession on session null to remote] http.wire 73 - http-outgoing-172 >> "        "browserName": "chrome"[\n]"
02-06-2018 18:07:44 Wire.java DEBUG [Forwarding newSession on session null to remote] http.wire 73 - http-outgoing-172 >> "      }[\n]"
02-06-2018 18:07:44 Wire.java DEBUG [Forwarding newSession on session null to remote] http.wire 73 - http-outgoing-172 >> "    ][\n]"
02-06-2018 18:07:44 Wire.java DEBUG [Forwarding newSession on session null to remote] http.wire 73 - http-outgoing-172 >> "  }[\n]"
02-06-2018 18:07:44 Wire.java DEBUG [Forwarding newSession on session null to remote] http.wire 87 - http-outgoing-172 >> "}"
02-06-2018 18:07:46 Wire.java DEBUG [Forwarding newSession on session null to remote] http.wire 73 - http-outgoing-172 << "HTTP/1.1 200 OK[\r][\n]"
02-06-2018 18:07:46 Wire.java DEBUG [Forwarding newSession on session null to remote] http.wire 73 - http-outgoing-172 << "Content-Length:801[\r][\n]"
02-06-2018 18:07:46 Wire.java DEBUG [Forwarding newSession on session null to remote] http.wire 73 - http-outgoing-172 << "Content-Type:application/json; charset=utf-8[\r][\n]"
02-06-2018 18:07:46 Wire.java DEBUG [Forwarding newSession on session null to remote] http.wire 73 - http-outgoing-172 << "Connection:close[\r][\n]"
02-06-2018 18:07:46 Wire.java DEBUG [Forwarding newSession on session null to remote] http.wire 73 - http-outgoing-172 << "[\r][\n]"
02-06-2018 18:07:46 Wire.java DEBUG [Forwarding newSession on session null to remote] http.wire 87 - http-outgoing-172 << "{"sessionId":"5dbd82ad703f7e58e34eecf1f98eabb3","status":0,"value":{"acceptSslCerts":true,"applicationCacheEnabled":false,"browserConnectionEnabled":false,"browserName":"chrome","chrome":{"chromedriverVersion":"2.33.506120 (e3e53437346286c0bc2d2dc9aa4915ba81d9023f)","userDataDir":"C:\\Users\\Murali\\AppData\\Local\\Temp\\scoped_dir8088_30357"},"cssSelectorsEnabled":true,"databaseEnabled":false,"handlesAlerts":true,"hasTouchScreen":false,"javascriptEnabled":true,"locationContextEnabled":true,"mobileEmulationEnabled":false,"nativeEvents":true,"networkConnectionEnabled":false,"pageLoadStrategy":"normal","platform":"Windows NT","rotatable":false,"setWindowRect":true,"takesHeapSnapshot":true,"takesScreenshot":true,"unexpectedAlertBehaviour":"","version":"63.0.3239.132","webStorageEnabled":true}}"
02-06-2018 18:07:46 LoggingManagedHttpClientConnection.java DEBUG [Forwarding newSession on session null to remote] http.headers 122 - http-outgoing-172 << HTTP/1.1 200 OK
02-06-2018 18:07:46 LoggingManagedHttpClientConnection.java DEBUG [Forwarding newSession on session null to remote] http.headers 125 - http-outgoing-172 << Content-Length:801
02-06-2018 18:07:46 LoggingManagedHttpClientConnection.java DEBUG [Forwarding newSession on session null to remote] http.headers 125 - http-outgoing-172 << Content-Type:application/json; charset=utf-8
02-06-2018 18:07:46 LoggingManagedHttpClientConnection.java DEBUG [Forwarding newSession on session null to remote] http.headers 125 - http-outgoing-172 << Connection:close
02-06-2018 18:07:46 LoggingManagedHttpClientConnection.java DEBUG [Forwarding newSession on session null to remote] conn.DefaultManagedHttpClientConnection 79 - http-outgoing-172: Close connection
02-06-2018 18:07:46 ConnectionHolder.java DEBUG [Forwarding newSession on session null to remote] execchain.MainClientExec 104 - Connection discarded
02-06-2018 18:07:46 PoolingHttpClientConnectionManager.java DEBUG [Forwarding newSession on session null to remote] conn.PoolingHttpClientConnectionManager 326 - Connection released: [id: 172][route: {}->http://localhost:36586][total kept alive: 0; route allocated: 0 of 2000; total allocated: 0 of 2000]
02-06-2018 18:07:46 RequestAddCookies.java DEBUG [Forwarding maximizeCurrentWindow on session 5dbd82ad703f7e58e34eecf1f98eabb3 to remote] protocol.RequestAddCookies 123 - CookieSpec selected: default
02-06-2018 18:07:46 RequestAuthCache.java DEBUG [Forwarding maximizeCurrentWindow on session 5dbd82ad703f7e58e34eecf1f98eabb3 to remote] protocol.RequestAuthCache 77 - Auth cache not set in the context
02-06-2018 18:07:46 PoolingHttpClientConnectionManager.java DEBUG [Forwarding maximizeCurrentWindow on session 5dbd82ad703f7e58e34eecf1f98eabb3 to remote] conn.PoolingHttpClientConnectionManager 255 - Connection request: [route: {}->http://localhost:36586][total kept alive: 0; route allocated: 0 of 2000; total allocated: 0 of 2000]
02-06-2018 18:07:46 PoolingHttpClientConnectionManager.java DEBUG [Forwarding maximizeCurrentWindow on session 5dbd82ad703f7e58e34eecf1f98eabb3 to remote] conn.PoolingHttpClientConnectionManager 288 - Connection leased: [id: 173][route: {}->http://localhost:36586][total kept alive: 0; route allocated: 1 of 2000; total allocated: 1 of 2000]
02-06-2018 18:07:46 MainClientExec.java DEBUG [Forwarding maximizeCurrentWindow on session 5dbd82ad703f7e58e34eecf1f98eabb3 to remote] execchain.MainClientExec 235 - Opening connection {}->http://localhost:36586
02-06-2018 18:07:46 DefaultHttpClientConnectionOperator.java DEBUG [Forwarding maximizeCurrentWindow on session 5dbd82ad703f7e58e34eecf1f98eabb3 to remote] conn.DefaultHttpClientConnectionOperator 139 - Connecting to localhost/127.0.0.1:36586
02-06-2018 18:07:46 DefaultHttpClientConnectionOperator.java DEBUG [Forwarding maximizeCurrentWindow on session 5dbd82ad703f7e58e34eecf1f98eabb3 to remote] conn.DefaultHttpClientConnectionOperator 146 - Connection established 127.0.0.1:50648<->127.0.0.1:36586
02-06-2018 18:07:46 LoggingManagedHttpClientConnection.java DEBUG [Forwarding maximizeCurrentWindow on session 5dbd82ad703f7e58e34eecf1f98eabb3 to remote] conn.DefaultManagedHttpClientConnection 88 - http-outgoing-173: set socket timeout to 10800000
02-06-2018 18:07:46 MainClientExec.java DEBUG [Forwarding maximizeCurrentWindow on session 5dbd82ad703f7e58e34eecf1f98eabb3 to remote] execchain.MainClientExec 256 - Executing request POST /session/5dbd82ad703f7e58e34eecf1f98eabb3/window/current/maximize HTTP/1.1
02-06-2018 18:07:46 MainClientExec.java DEBUG [Forwarding maximizeCurrentWindow on session 5dbd82ad703f7e58e34eecf1f98eabb3 to remote] execchain.MainClientExec 261 - Target auth state: UNCHALLENGED
02-06-2018 18:07:46 MainClientExec.java DEBUG [Forwarding maximizeCurrentWindow on session 5dbd82ad703f7e58e34eecf1f98eabb3 to remote] execchain.MainClientExec 267 - Proxy auth state: UNCHALLENGED
02-06-2018 18:07:46 LoggingManagedHttpClientConnection.java DEBUG [Forwarding maximizeCurrentWindow on session 5dbd82ad703f7e58e34eecf1f98eabb3 to remote] http.headers 133 - http-outgoing-173 >> POST /session/5dbd82ad703f7e58e34eecf1f98eabb3/window/current/maximize HTTP/1.1
02-06-2018 18:07:46 LoggingManagedHttpClientConnection.java DEBUG [Forwarding maximizeCurrentWindow on session 5dbd82ad703f7e58e34eecf1f98eabb3 to remote] http.headers 136 - http-outgoing-173 >> Content-Type: application/json; charset=utf-8
02-06-2018 18:07:46 LoggingManagedHttpClientConnection.java DEBUG [Forwarding maximizeCurrentWindow on session 5dbd82ad703f7e58e34eecf1f98eabb3 to remote] http.headers 136 - http-outgoing-173 >> Content-Length: 45
02-06-2018 18:07:46 LoggingManagedHttpClientConnection.java DEBUG [Forwarding maximizeCurrentWindow on session 5dbd82ad703f7e58e34eecf1f98eabb3 to remote] http.headers 136 - http-outgoing-173 >> Host: localhost:36586
02-06-2018 18:07:46 LoggingManagedHttpClientConnection.java DEBUG [Forwarding maximizeCurrentWindow on session 5dbd82ad703f7e58e34eecf1f98eabb3 to remote] http.headers 136 - http-outgoing-173 >> Connection: Keep-Alive
02-06-2018 18:07:46 LoggingManagedHttpClientConnection.java DEBUG [Forwarding maximizeCurrentWindow on session 5dbd82ad703f7e58e34eecf1f98eabb3 to remote] http.headers 136 - http-outgoing-173 >> User-Agent: Apache-HttpClient/4.5.3 (Java/1.8.0_151)
02-06-2018 18:07:46 LoggingManagedHttpClientConnection.java DEBUG [Forwarding maximizeCurrentWindow on session 5dbd82ad703f7e58e34eecf1f98eabb3 to remote] http.headers 136 - http-outgoing-173 >> Accept-Encoding: gzip,deflate
02-06-2018 18:07:46 Wire.java DEBUG [Forwarding maximizeCurrentWindow on session 5dbd82ad703f7e58e34eecf1f98eabb3 to remote] http.wire 73 - http-outgoing-173 >> "POST /session/5dbd82ad703f7e58e34eecf1f98eabb3/window/current/maximize HTTP/1.1[\r][\n]"
02-06-2018 18:07:46 Wire.java DEBUG [Forwarding maximizeCurrentWindow on session 5dbd82ad703f7e58e34eecf1f98eabb3 to remote] http.wire 73 - http-outgoing-173 >> "Content-Type: application/json; charset=utf-8[\r][\n]"
02-06-2018 18:07:46 Wire.java DEBUG [Forwarding maximizeCurrentWindow on session 5dbd82ad703f7e58e34eecf1f98eabb3 to remote] http.wire 73 - http-outgoing-173 >> "Content-Length: 45[\r][\n]"
02-06-2018 18:07:46 Wire.java DEBUG [Forwarding maximizeCurrentWindow on session 5dbd82ad703f7e58e34eecf1f98eabb3 to remote] http.wire 73 - http-outgoing-173 >> "Host: localhost:36586[\r][\n]"
02-06-2018 18:07:46 Wire.java DEBUG [Forwarding maximizeCurrentWindow on session 5dbd82ad703f7e58e34eecf1f98eabb3 to remote] http.wire 73 - http-outgoing-173 >> "Connection: Keep-Alive[\r][\n]"
02-06-2018 18:07:46 Wire.java DEBUG [Forwarding maximizeCurrentWindow on session 5dbd82ad703f7e58e34eecf1f98eabb3 to remote] http.wire 73 - http-outgoing-173 >> "User-Agent: Apache-HttpClient/4.5.3 (Java/1.8.0_151)[\r][\n]"
02-06-2018 18:07:46 Wire.java DEBUG [Forwarding maximizeCurrentWindow on session 5dbd82ad703f7e58e34eecf1f98eabb3 to remote] http.wire 73 - http-outgoing-173 >> "Accept-Encoding: gzip,deflate[\r][\n]"
02-06-2018 18:07:46 Wire.java DEBUG [Forwarding maximizeCurrentWindow on session 5dbd82ad703f7e58e34eecf1f98eabb3 to remote] http.wire 73 - http-outgoing-173 >> "[\r][\n]"
02-06-2018 18:07:46 Wire.java DEBUG [Forwarding maximizeCurrentWindow on session 5dbd82ad703f7e58e34eecf1f98eabb3 to remote] http.wire 87 - http-outgoing-173 >> "{"windowHandle":"current","handle":"current"}"
02-06-2018 18:07:47 Wire.java DEBUG [Forwarding maximizeCurrentWindow on session 5dbd82ad703f7e58e34eecf1f98eabb3 to remote] http.wire 73 - http-outgoing-173 << "HTTP/1.1 200 OK[\r][\n]"
02-06-2018 18:07:47 Wire.java DEBUG [Forwarding maximizeCurrentWindow on session 5dbd82ad703f7e58e34eecf1f98eabb3 to remote] http.wire 73 - http-outgoing-173 << "Content-Length:72[\r][\n]"
02-06-2018 18:07:47 Wire.java DEBUG [Forwarding maximizeCurrentWindow on session 5dbd82ad703f7e58e34eecf1f98eabb3 to remote] http.wire 73 - http-outgoing-173 << "Content-Type:application/json; charset=utf-8[\r][\n]"
02-06-2018 18:07:47 Wire.java DEBUG [Forwarding maximizeCurrentWindow on session 5dbd82ad703f7e58e34eecf1f98eabb3 to remote] http.wire 73 - http-outgoing-173 << "Connection:close[\r][\n]"
02-06-2018 18:07:47 Wire.java DEBUG [Forwarding maximizeCurrentWindow on session 5dbd82ad703f7e58e34eecf1f98eabb3 to remote] http.wire 73 - http-outgoing-173 << "[\r][\n]"
02-06-2018 18:07:47 Wire.java DEBUG [Forwarding maximizeCurrentWindow on session 5dbd82ad703f7e58e34eecf1f98eabb3 to remote] http.wire 87 - http-outgoing-173 << "{"sessionId":"5dbd82ad703f7e58e34eecf1f98eabb3","status":0,"value":null}"
02-06-2018 18:07:47 LoggingManagedHttpClientConnection.java DEBUG [Forwarding maximizeCurrentWindow on session 5dbd82ad703f7e58e34eecf1f98eabb3 to remote] http.headers 122 - http-outgoing-173 << HTTP/1.1 200 OK
02-06-2018 18:07:47 LoggingManagedHttpClientConnection.java DEBUG [Forwarding maximizeCurrentWindow on session 5dbd82ad703f7e58e34eecf1f98eabb3 to remote] http.headers 125 - http-outgoing-173 << Content-Length:72
02-06-2018 18:07:47 LoggingManagedHttpClientConnection.java DEBUG [Forwarding maximizeCurrentWindow on session 5dbd82ad703f7e58e34eecf1f98eabb3 to remote] http.headers 125 - http-outgoing-173 << Content-Type:application/json; charset=utf-8
02-06-2018 18:07:47 LoggingManagedHttpClientConnection.java DEBUG [Forwarding maximizeCurrentWindow on session 5dbd82ad703f7e58e34eecf1f98eabb3 to remote] http.headers 125 - http-outgoing-173 << Connection:close
02-06-2018 18:07:47 LoggingManagedHttpClientConnection.java DEBUG [Forwarding maximizeCurrentWindow on session 5dbd82ad703f7e58e34eecf1f98eabb3 to remote] conn.DefaultManagedHttpClientConnection 79 - http-outgoing-173: Close connection
02-06-2018 18:07:47 ConnectionHolder.java DEBUG [Forwarding maximizeCurrentWindow on session 5dbd82ad703f7e58e34eecf1f98eabb3 to remote] execchain.MainClientExec 104 - Connection discarded
02-06-2018 18:07:47 PoolingHttpClientConnectionManager.java DEBUG [Forwarding maximizeCurrentWindow on session 5dbd82ad703f7e58e34eecf1f98eabb3 to remote] conn.PoolingHttpClientConnectionManager 326 - Connection released: [id: 173][route: {}->http://localhost:36586][total kept alive: 0; route allocated: 0 of 2000; total allocated: 0 of 2000]
02-06-2018 18:07:47 RequestAddCookies.java DEBUG [Forwarding deleteAllCookies on session 5dbd82ad703f7e58e34eecf1f98eabb3 to remote] protocol.RequestAddCookies 123 - CookieSpec selected: default
02-06-2018 18:07:47 RequestAuthCache.java DEBUG [Forwarding deleteAllCookies on session 5dbd82ad703f7e58e34eecf1f98eabb3 to remote] protocol.RequestAuthCache 77 - Auth cache not set in the context
02-06-2018 18:07:47 PoolingHttpClientConnectionManager.java DEBUG [Forwarding deleteAllCookies on session 5dbd82ad703f7e58e34eecf1f98eabb3 to remote] conn.PoolingHttpClientConnectionManager 255 - Connection request: [route: {}->http://localhost:36586][total kept alive: 0; route allocated: 0 of 2000; total allocated: 0 of 2000]
02-06-2018 18:07:47 PoolingHttpClientConnectionManager.java DEBUG [Forwarding deleteAllCookies on session 5dbd82ad703f7e58e34eecf1f98eabb3 to remote] conn.PoolingHttpClientConnectionManager 288 - Connection leased: [id: 174][route: {}->http://localhost:36586][total kept alive: 0; route allocated: 1 of 2000; total allocated: 1 of 2000]
02-06-2018 18:07:47 MainClientExec.java DEBUG [Forwarding deleteAllCookies on session 5dbd82ad703f7e58e34eecf1f98eabb3 to remote] execchain.MainClientExec 235 - Opening connection {}->http://localhost:36586
02-06-2018 18:07:47 DefaultHttpClientConnectionOperator.java DEBUG [Forwarding deleteAllCookies on session 5dbd82ad703f7e58e34eecf1f98eabb3 to remote] conn.DefaultHttpClientConnectionOperator 139 - Connecting to localhost/127.0.0.1:36586
02-06-2018 18:07:47 DefaultHttpClientConnectionOperator.java DEBUG [Forwarding deleteAllCookies on session 5dbd82ad703f7e58e34eecf1f98eabb3 to remote] conn.DefaultHttpClientConnectionOperator 146 - Connection established 127.0.0.1:50651<->127.0.0.1:36586
02-06-2018 18:07:47 LoggingManagedHttpClientConnection.java DEBUG [Forwarding deleteAllCookies on session 5dbd82ad703f7e58e34eecf1f98eabb3 to remote] conn.DefaultManagedHttpClientConnection 88 - http-outgoing-174: set socket timeout to 10800000
02-06-2018 18:07:47 MainClientExec.java DEBUG [Forwarding deleteAllCookies on session 5dbd82ad703f7e58e34eecf1f98eabb3 to remote] execchain.MainClientExec 256 - Executing request DELETE /session/5dbd82ad703f7e58e34eecf1f98eabb3/cookie HTTP/1.1
02-06-2018 18:07:47 MainClientExec.java DEBUG [Forwarding deleteAllCookies on session 5dbd82ad703f7e58e34eecf1f98eabb3 to remote] execchain.MainClientExec 261 - Target auth state: UNCHALLENGED
02-06-2018 18:07:47 MainClientExec.java DEBUG [Forwarding deleteAllCookies on session 5dbd82ad703f7e58e34eecf1f98eabb3 to remote] execchain.MainClientExec 267 - Proxy auth state: UNCHALLENGED
02-06-2018 18:07:47 LoggingManagedHttpClientConnection.java DEBUG [Forwarding deleteAllCookies on session 5dbd82ad703f7e58e34eecf1f98eabb3 to remote] http.headers 133 - http-outgoing-174 >> DELETE /session/5dbd82ad703f7e58e34eecf1f98eabb3/cookie HTTP/1.1
02-06-2018 18:07:47 LoggingManagedHttpClientConnection.java DEBUG [Forwarding deleteAllCookies on session 5dbd82ad703f7e58e34eecf1f98eabb3 to remote] http.headers 136 - http-outgoing-174 >> Host: localhost:36586
02-06-2018 18:07:47 LoggingManagedHttpClientConnection.java DEBUG [Forwarding deleteAllCookies on session 5dbd82ad703f7e58e34eecf1f98eabb3 to remote] http.headers 136 - http-outgoing-174 >> Connection: Keep-Alive
02-06-2018 18:07:47 LoggingManagedHttpClientConnection.java DEBUG [Forwarding deleteAllCookies on session 5dbd82ad703f7e58e34eecf1f98eabb3 to remote] http.headers 136 - http-outgoing-174 >> User-Agent: Apache-HttpClient/4.5.3 (Java/1.8.0_151)
02-06-2018 18:07:47 LoggingManagedHttpClientConnection.java DEBUG [Forwarding deleteAllCookies on session 5dbd82ad703f7e58e34eecf1f98eabb3 to remote] http.headers 136 - http-outgoing-174 >> Accept-Encoding: gzip,deflate
02-06-2018 18:07:47 Wire.java DEBUG [Forwarding deleteAllCookies on session 5dbd82ad703f7e58e34eecf1f98eabb3 to remote] http.wire 73 - http-outgoing-174 >> "DELETE /session/5dbd82ad703f7e58e34eecf1f98eabb3/cookie HTTP/1.1[\r][\n]"
02-06-2018 18:07:47 Wire.java DEBUG [Forwarding deleteAllCookies on session 5dbd82ad703f7e58e34eecf1f98eabb3 to remote] http.wire 73 - http-outgoing-174 >> "Host: localhost:36586[\r][\n]"
02-06-2018 18:07:47 Wire.java DEBUG [Forwarding deleteAllCookies on session 5dbd82ad703f7e58e34eecf1f98eabb3 to remote] http.wire 73 - http-outgoing-174 >> "Connection: Keep-Alive[\r][\n]"
02-06-2018 18:07:47 Wire.java DEBUG [Forwarding deleteAllCookies on session 5dbd82ad703f7e58e34eecf1f98eabb3 to remote] http.wire 73 - http-outgoing-174 >> "User-Agent: Apache-HttpClient/4.5.3 (Java/1.8.0_151)[\r][\n]"
02-06-2018 18:07:47 Wire.java DEBUG [Forwarding deleteAllCookies on session 5dbd82ad703f7e58e34eecf1f98eabb3 to remote] http.wire 73 - http-outgoing-174 >> "Accept-Encoding: gzip,deflate[\r][\n]"
02-06-2018 18:07:47 Wire.java DEBUG [Forwarding deleteAllCookies on session 5dbd82ad703f7e58e34eecf1f98eabb3 to remote] http.wire 73 - http-outgoing-174 >> "[\r][\n]"
02-06-2018 18:07:48 Wire.java DEBUG [Forwarding deleteAllCookies on session 5dbd82ad703f7e58e34eecf1f98eabb3 to remote] http.wire 73 - http-outgoing-174 << "HTTP/1.1 200 OK[\r][\n]"
02-06-2018 18:07:48 Wire.java DEBUG [Forwarding deleteAllCookies on session 5dbd82ad703f7e58e34eecf1f98eabb3 to remote] http.wire 73 - http-outgoing-174 << "Content-Length:72[\r][\n]"
02-06-2018 18:07:48 Wire.java DEBUG [Forwarding deleteAllCookies on session 5dbd82ad703f7e58e34eecf1f98eabb3 to remote] http.wire 73 - http-outgoing-174 << "Content-Type:application/json; charset=utf-8[\r][\n]"
02-06-2018 18:07:48 Wire.java DEBUG [Forwarding deleteAllCookies on session 5dbd82ad703f7e58e34eecf1f98eabb3 to remote] http.wire 73 - http-outgoing-174 << "Connection:close[\r][\n]"
02-06-2018 18:07:48 Wire.java DEBUG [Forwarding deleteAllCookies on session 5dbd82ad703f7e58e34eecf1f98eabb3 to remote] http.wire 73 - http-outgoing-174 << "[\r][\n]"
02-06-2018 18:07:48 Wire.java DEBUG [Forwarding deleteAllCookies on session 5dbd82ad703f7e58e34eecf1f98eabb3 to remote] http.wire 87 - http-outgoing-174 << "{"sessionId":"5dbd82ad703f7e58e34eecf1f98eabb3","status":0,"value":null}"
02-06-2018 18:07:48 LoggingManagedHttpClientConnection.java DEBUG [Forwarding deleteAllCookies on session 5dbd82ad703f7e58e34eecf1f98eabb3 to remote] http.headers 122 - http-outgoing-174 << HTTP/1.1 200 OK
02-06-2018 18:07:48 LoggingManagedHttpClientConnection.java DEBUG [Forwarding deleteAllCookies on session 5dbd82ad703f7e58e34eecf1f98eabb3 to remote] http.headers 125 - http-outgoing-174 << Content-Length:72
02-06-2018 18:07:48 LoggingManagedHttpClientConnection.java DEBUG [Forwarding deleteAllCookies on session 5dbd82ad703f7e58e34eecf1f98eabb3 to remote] http.headers 125 - http-outgoing-174 << Content-Type:application/json; charset=utf-8
02-06-2018 18:07:48 LoggingManagedHttpClientConnection.java DEBUG [Forwarding deleteAllCookies on session 5dbd82ad703f7e58e34eecf1f98eabb3 to remote] http.headers 125 - http-outgoing-174 << Connection:close
02-06-2018 18:07:48 LoggingManagedHttpClientConnection.java DEBUG [Forwarding deleteAllCookies on session 5dbd82ad703f7e58e34eecf1f98eabb3 to remote] conn.DefaultManagedHttpClientConnection 79 - http-outgoing-174: Close connection
02-06-2018 18:07:48 ConnectionHolder.java DEBUG [Forwarding deleteAllCookies on session 5dbd82ad703f7e58e34eecf1f98eabb3 to remote] execchain.MainClientExec 104 - Connection discarded
02-06-2018 18:07:48 PoolingHttpClientConnectionManager.java DEBUG [Forwarding deleteAllCookies on session 5dbd82ad703f7e58e34eecf1f98eabb3 to remote] conn.PoolingHttpClientConnectionManager 326 - Connection released: [id: 174][route: {}->http://localhost:36586][total kept alive: 0; route allocated: 0 of 2000; total allocated: 0 of 2000]
02-06-2018 18:07:48 RequestAddCookies.java DEBUG [Forwarding setTimeout on session 5dbd82ad703f7e58e34eecf1f98eabb3 to remote] protocol.RequestAddCookies 123 - CookieSpec selected: default
02-06-2018 18:07:48 RequestAuthCache.java DEBUG [Forwarding setTimeout on session 5dbd82ad703f7e58e34eecf1f98eabb3 to remote] protocol.RequestAuthCache 77 - Auth cache not set in the context
02-06-2018 18:07:48 PoolingHttpClientConnectionManager.java DEBUG [Forwarding setTimeout on session 5dbd82ad703f7e58e34eecf1f98eabb3 to remote] conn.PoolingHttpClientConnectionManager 255 - Connection request: [route: {}->http://localhost:36586][total kept alive: 0; route allocated: 0 of 2000; total allocated: 0 of 2000]
02-06-2018 18:07:48 PoolingHttpClientConnectionManager.java DEBUG [Forwarding setTimeout on session 5dbd82ad703f7e58e34eecf1f98eabb3 to remote] conn.PoolingHttpClientConnectionManager 288 - Connection leased: [id: 175][route: {}->http://localhost:36586][total kept alive: 0; route allocated: 1 of 2000; total allocated: 1 of 2000]
02-06-2018 18:07:48 MainClientExec.java DEBUG [Forwarding setTimeout on session 5dbd82ad703f7e58e34eecf1f98eabb3 to remote] execchain.MainClientExec 235 - Opening connection {}->http://localhost:36586
02-06-2018 18:07:48 DefaultHttpClientConnectionOperator.java DEBUG [Forwarding setTimeout on session 5dbd82ad703f7e58e34eecf1f98eabb3 to remote] conn.DefaultHttpClientConnectionOperator 139 - Connecting to localhost/127.0.0.1:36586
02-06-2018 18:07:48 DefaultHttpClientConnectionOperator.java DEBUG [Forwarding setTimeout on session 5dbd82ad703f7e58e34eecf1f98eabb3 to remote] conn.DefaultHttpClientConnectionOperator 146 - Connection established 127.0.0.1:50653<->127.0.0.1:36586
02-06-2018 18:07:48 LoggingManagedHttpClientConnection.java DEBUG [Forwarding setTimeout on session 5dbd82ad703f7e58e34eecf1f98eabb3 to remote] conn.DefaultManagedHttpClientConnection 88 - http-outgoing-175: set socket timeout to 10800000
02-06-2018 18:07:48 MainClientExec.java DEBUG [Forwarding setTimeout on session 5dbd82ad703f7e58e34eecf1f98eabb3 to remote] execchain.MainClientExec 256 - Executing request POST /session/5dbd82ad703f7e58e34eecf1f98eabb3/timeouts HTTP/1.1
02-06-2018 18:07:48 MainClientExec.java DEBUG [Forwarding setTimeout on session 5dbd82ad703f7e58e34eecf1f98eabb3 to remote] execchain.MainClientExec 261 - Target auth state: UNCHALLENGED
02-06-2018 18:07:48 MainClientExec.java DEBUG [Forwarding setTimeout on session 5dbd82ad703f7e58e34eecf1f98eabb3 to remote] execchain.MainClientExec 267 - Proxy auth state: UNCHALLENGED
02-06-2018 18:07:48 LoggingManagedHttpClientConnection.java DEBUG [Forwarding setTimeout on session 5dbd82ad703f7e58e34eecf1f98eabb3 to remote] http.headers 133 - http-outgoing-175 >> POST /session/5dbd82ad703f7e58e34eecf1f98eabb3/timeouts HTTP/1.1
02-06-2018 18:07:48 LoggingManagedHttpClientConnection.java DEBUG [Forwarding setTimeout on session 5dbd82ad703f7e58e34eecf1f98eabb3 to remote] http.headers 136 - http-outgoing-175 >> Content-Type: application/json; charset=utf-8
02-06-2018 18:07:48 LoggingManagedHttpClientConnection.java DEBUG [Forwarding setTimeout on session 5dbd82ad703f7e58e34eecf1f98eabb3 to remote] http.headers 136 - http-outgoing-175 >> Content-Length: 31
02-06-2018 18:07:48 LoggingManagedHttpClientConnection.java DEBUG [Forwarding setTimeout on session 5dbd82ad703f7e58e34eecf1f98eabb3 to remote] http.headers 136 - http-outgoing-175 >> Host: localhost:36586
02-06-2018 18:07:48 LoggingManagedHttpClientConnection.java DEBUG [Forwarding setTimeout on session 5dbd82ad703f7e58e34eecf1f98eabb3 to remote] http.headers 136 - http-outgoing-175 >> Connection: Keep-Alive
02-06-2018 18:07:48 LoggingManagedHttpClientConnection.java DEBUG [Forwarding setTimeout on session 5dbd82ad703f7e58e34eecf1f98eabb3 to remote] http.headers 136 - http-outgoing-175 >> User-Agent: Apache-HttpClient/4.5.3 (Java/1.8.0_151)
02-06-2018 18:07:48 LoggingManagedHttpClientConnection.java DEBUG [Forwarding setTimeout on session 5dbd82ad703f7e58e34eecf1f98eabb3 to remote] http.headers 136 - http-outgoing-175 >> Accept-Encoding: gzip,deflate
02-06-2018 18:07:48 Wire.java DEBUG [Forwarding setTimeout on session 5dbd82ad703f7e58e34eecf1f98eabb3 to remote] http.wire 73 - http-outgoing-175 >> "POST /session/5dbd82ad703f7e58e34eecf1f98eabb3/timeouts HTTP/1.1[\r][\n]"
02-06-2018 18:07:48 Wire.java DEBUG [Forwarding setTimeout on session 5dbd82ad703f7e58e34eecf1f98eabb3 to remote] http.wire 73 - http-outgoing-175 >> "Content-Type: application/json; charset=utf-8[\r][\n]"
02-06-2018 18:07:48 Wire.java DEBUG [Forwarding setTimeout on session 5dbd82ad703f7e58e34eecf1f98eabb3 to remote] http.wire 73 - http-outgoing-175 >> "Content-Length: 31[\r][\n]"
02-06-2018 18:07:48 Wire.java DEBUG [Forwarding setTimeout on session 5dbd82ad703f7e58e34eecf1f98eabb3 to remote] http.wire 73 - http-outgoing-175 >> "Host: localhost:36586[\r][\n]"
02-06-2018 18:07:48 Wire.java DEBUG [Forwarding setTimeout on session 5dbd82ad703f7e58e34eecf1f98eabb3 to remote] http.wire 73 - http-outgoing-175 >> "Connection: Keep-Alive[\r][\n]"
02-06-2018 18:07:48 Wire.java DEBUG [Forwarding setTimeout on session 5dbd82ad703f7e58e34eecf1f98eabb3 to remote] http.wire 73 - http-outgoing-175 >> "User-Agent: Apache-HttpClient/4.5.3 (Java/1.8.0_151)[\r][\n]"
02-06-2018 18:07:48 Wire.java DEBUG [Forwarding setTimeout on session 5dbd82ad703f7e58e34eecf1f98eabb3 to remote] http.wire 73 - http-outgoing-175 >> "Accept-Encoding: gzip,deflate[\r][\n]"
02-06-2018 18:07:48 Wire.java DEBUG [Forwarding setTimeout on session 5dbd82ad703f7e58e34eecf1f98eabb3 to remote] http.wire 73 - http-outgoing-175 >> "[\r][\n]"
02-06-2018 18:07:48 Wire.java DEBUG [Forwarding setTimeout on session 5dbd82ad703f7e58e34eecf1f98eabb3 to remote] http.wire 87 - http-outgoing-175 >> "{"type":"page load","ms":20000}"
02-06-2018 18:07:48 Wire.java DEBUG [Forwarding setTimeout on session 5dbd82ad703f7e58e34eecf1f98eabb3 to remote] http.wire 73 - http-outgoing-175 << "HTTP/1.1 200 OK[\r][\n]"
02-06-2018 18:07:48 Wire.java DEBUG [Forwarding setTimeout on session 5dbd82ad703f7e58e34eecf1f98eabb3 to remote] http.wire 73 - http-outgoing-175 << "Content-Length:72[\r][\n]"
02-06-2018 18:07:48 Wire.java DEBUG [Forwarding setTimeout on session 5dbd82ad703f7e58e34eecf1f98eabb3 to remote] http.wire 73 - http-outgoing-175 << "Content-Type:application/json; charset=utf-8[\r][\n]"
02-06-2018 18:07:48 Wire.java DEBUG [Forwarding setTimeout on session 5dbd82ad703f7e58e34eecf1f98eabb3 to remote] http.wire 73 - http-outgoing-175 << "Connection:close[\r][\n]"
02-06-2018 18:07:48 Wire.java DEBUG [Forwarding setTimeout on session 5dbd82ad703f7e58e34eecf1f98eabb3 to remote] http.wire 73 - http-outgoing-175 << "[\r][\n]"
02-06-2018 18:07:48 Wire.java DEBUG [Forwarding setTimeout on session 5dbd82ad703f7e58e34eecf1f98eabb3 to remote] http.wire 87 - http-outgoing-175 << "{"sessionId":"5dbd82ad703f7e58e34eecf1f98eabb3","status":0,"value":null}"
02-06-2018 18:07:48 LoggingManagedHttpClientConnection.java DEBUG [Forwarding setTimeout on session 5dbd82ad703f7e58e34eecf1f98eabb3 to remote] http.headers 122 - http-outgoing-175 << HTTP/1.1 200 OK
02-06-2018 18:07:48 LoggingManagedHttpClientConnection.java DEBUG [Forwarding setTimeout on session 5dbd82ad703f7e58e34eecf1f98eabb3 to remote] http.headers 125 - http-outgoing-175 << Content-Length:72
02-06-2018 18:07:48 LoggingManagedHttpClientConnection.java DEBUG [Forwarding setTimeout on session 5dbd82ad703f7e58e34eecf1f98eabb3 to remote] http.headers 125 - http-outgoing-175 << Content-Type:application/json; charset=utf-8
02-06-2018 18:07:48 LoggingManagedHttpClientConnection.java DEBUG [Forwarding setTimeout on session 5dbd82ad703f7e58e34eecf1f98eabb3 to remote] http.headers 125 - http-outgoing-175 << Connection:close
02-06-2018 18:07:48 LoggingManagedHttpClientConnection.java DEBUG [Forwarding setTimeout on session 5dbd82ad703f7e58e34eecf1f98eabb3 to remote] conn.DefaultManagedHttpClientConnection 79 - http-outgoing-175: Close connection
02-06-2018 18:07:48 ConnectionHolder.java DEBUG [Forwarding setTimeout on session 5dbd82ad703f7e58e34eecf1f98eabb3 to remote] execchain.MainClientExec 104 - Connection discarded
02-06-2018 18:07:48 PoolingHttpClientConnectionManager.java DEBUG [Forwarding setTimeout on session 5dbd82ad703f7e58e34eecf1f98eabb3 to remote] conn.PoolingHttpClientConnectionManager 326 - Connection released: [id: 175][route: {}->http://localhost:36586][total kept alive: 0; route allocated: 0 of 2000; total allocated: 0 of 2000]
02-06-2018 18:07:48 RequestAddCookies.java DEBUG [Forwarding setTimeout on session 5dbd82ad703f7e58e34eecf1f98eabb3 to remote] protocol.RequestAddCookies 123 - CookieSpec selected: default
02-06-2018 18:07:48 RequestAuthCache.java DEBUG [Forwarding setTimeout on session 5dbd82ad703f7e58e34eecf1f98eabb3 to remote] protocol.RequestAuthCache 77 - Auth cache not set in the context
02-06-2018 18:07:48 PoolingHttpClientConnectionManager.java DEBUG [Forwarding setTimeout on session 5dbd82ad703f7e58e34eecf1f98eabb3 to remote] conn.PoolingHttpClientConnectionManager 255 - Connection request: [route: {}->http://localhost:36586][total kept alive: 0; route allocated: 0 of 2000; total allocated: 0 of 2000]
02-06-2018 18:07:48 PoolingHttpClientConnectionManager.java DEBUG [Forwarding setTimeout on session 5dbd82ad703f7e58e34eecf1f98eabb3 to remote] conn.PoolingHttpClientConnectionManager 288 - Connection leased: [id: 176][route: {}->http://localhost:36586][total kept alive: 0; route allocated: 1 of 2000; total allocated: 1 of 2000]
02-06-2018 18:07:48 MainClientExec.java DEBUG [Forwarding setTimeout on session 5dbd82ad703f7e58e34eecf1f98eabb3 to remote] execchain.MainClientExec 235 - Opening connection {}->http://localhost:36586
02-06-2018 18:07:48 DefaultHttpClientConnectionOperator.java DEBUG [Forwarding setTimeout on session 5dbd82ad703f7e58e34eecf1f98eabb3 to remote] conn.DefaultHttpClientConnectionOperator 139 - Connecting to localhost/127.0.0.1:36586
02-06-2018 18:07:48 DefaultHttpClientConnectionOperator.java DEBUG [Forwarding setTimeout on session 5dbd82ad703f7e58e34eecf1f98eabb3 to remote] conn.DefaultHttpClientConnectionOperator 146 - Connection established 127.0.0.1:50654<->127.0.0.1:36586
02-06-2018 18:07:48 LoggingManagedHttpClientConnection.java DEBUG [Forwarding setTimeout on session 5dbd82ad703f7e58e34eecf1f98eabb3 to remote] conn.DefaultManagedHttpClientConnection 88 - http-outgoing-176: set socket timeout to 10800000
02-06-2018 18:07:48 MainClientExec.java DEBUG [Forwarding setTimeout on session 5dbd82ad703f7e58e34eecf1f98eabb3 to remote] execchain.MainClientExec 256 - Executing request POST /session/5dbd82ad703f7e58e34eecf1f98eabb3/timeouts HTTP/1.1
02-06-2018 18:07:48 MainClientExec.java DEBUG [Forwarding setTimeout on session 5dbd82ad703f7e58e34eecf1f98eabb3 to remote] execchain.MainClientExec 261 - Target auth state: UNCHALLENGED
02-06-2018 18:07:48 MainClientExec.java DEBUG [Forwarding setTimeout on session 5dbd82ad703f7e58e34eecf1f98eabb3 to remote] execchain.MainClientExec 267 - Proxy auth state: UNCHALLENGED
02-06-2018 18:07:48 LoggingManagedHttpClientConnection.java DEBUG [Forwarding setTimeout on session 5dbd82ad703f7e58e34eecf1f98eabb3 to remote] http.headers 133 - http-outgoing-176 >> POST /session/5dbd82ad703f7e58e34eecf1f98eabb3/timeouts HTTP/1.1
02-06-2018 18:07:48 LoggingManagedHttpClientConnection.java DEBUG [Forwarding setTimeout on session 5dbd82ad703f7e58e34eecf1f98eabb3 to remote] http.headers 136 - http-outgoing-176 >> Content-Type: application/json; charset=utf-8
02-06-2018 18:07:48 LoggingManagedHttpClientConnection.java DEBUG [Forwarding setTimeout on session 5dbd82ad703f7e58e34eecf1f98eabb3 to remote] http.headers 136 - http-outgoing-176 >> Content-Length: 30
02-06-2018 18:07:48 LoggingManagedHttpClientConnection.java DEBUG [Forwarding setTimeout on session 5dbd82ad703f7e58e34eecf1f98eabb3 to remote] http.headers 136 - http-outgoing-176 >> Host: localhost:36586
02-06-2018 18:07:48 LoggingManagedHttpClientConnection.java DEBUG [Forwarding setTimeout on session 5dbd82ad703f7e58e34eecf1f98eabb3 to remote] http.headers 136 - http-outgoing-176 >> Connection: Keep-Alive
02-06-2018 18:07:48 LoggingManagedHttpClientConnection.java DEBUG [Forwarding setTimeout on session 5dbd82ad703f7e58e34eecf1f98eabb3 to remote] http.headers 136 - http-outgoing-176 >> User-Agent: Apache-HttpClient/4.5.3 (Java/1.8.0_151)
02-06-2018 18:07:48 LoggingManagedHttpClientConnection.java DEBUG [Forwarding setTimeout on session 5dbd82ad703f7e58e34eecf1f98eabb3 to remote] http.headers 136 - http-outgoing-176 >> Accept-Encoding: gzip,deflate
02-06-2018 18:07:48 Wire.java DEBUG [Forwarding setTimeout on session 5dbd82ad703f7e58e34eecf1f98eabb3 to remote] http.wire 73 - http-outgoing-176 >> "POST /session/5dbd82ad703f7e58e34eecf1f98eabb3/timeouts HTTP/1.1[\r][\n]"
02-06-2018 18:07:48 Wire.java DEBUG [Forwarding setTimeout on session 5dbd82ad703f7e58e34eecf1f98eabb3 to remote] http.wire 73 - http-outgoing-176 >> "Content-Type: application/json; charset=utf-8[\r][\n]"
02-06-2018 18:07:48 Wire.java DEBUG [Forwarding setTimeout on session 5dbd82ad703f7e58e34eecf1f98eabb3 to remote] http.wire 73 - http-outgoing-176 >> "Content-Length: 30[\r][\n]"
02-06-2018 18:07:48 Wire.java DEBUG [Forwarding setTimeout on session 5dbd82ad703f7e58e34eecf1f98eabb3 to remote] http.wire 73 - http-outgoing-176 >> "Host: localhost:36586[\r][\n]"
02-06-2018 18:07:48 Wire.java DEBUG [Forwarding setTimeout on session 5dbd82ad703f7e58e34eecf1f98eabb3 to remote] http.wire 73 - http-outgoing-176 >> "Connection: Keep-Alive[\r][\n]"
02-06-2018 18:07:48 Wire.java DEBUG [Forwarding setTimeout on session 5dbd82ad703f7e58e34eecf1f98eabb3 to remote] http.wire 73 - http-outgoing-176 >> "User-Agent: Apache-HttpClient/4.5.3 (Java/1.8.0_151)[\r][\n]"
02-06-2018 18:07:48 Wire.java DEBUG [Forwarding setTimeout on session 5dbd82ad703f7e58e34eecf1f98eabb3 to remote] http.wire 73 - http-outgoing-176 >> "Accept-Encoding: gzip,deflate[\r][\n]"
02-06-2018 18:07:48 Wire.java DEBUG [Forwarding setTimeout on session 5dbd82ad703f7e58e34eecf1f98eabb3 to remote] http.wire 73 - http-outgoing-176 >> "[\r][\n]"
02-06-2018 18:07:48 Wire.java DEBUG [Forwarding setTimeout on session 5dbd82ad703f7e58e34eecf1f98eabb3 to remote] http.wire 87 - http-outgoing-176 >> "{"type":"implicit","ms":20000}"
02-06-2018 18:07:48 Wire.java DEBUG [Forwarding setTimeout on session 5dbd82ad703f7e58e34eecf1f98eabb3 to remote] http.wire 73 - http-outgoing-176 << "HTTP/1.1 200 OK[\r][\n]"
02-06-2018 18:07:48 Wire.java DEBUG [Forwarding setTimeout on session 5dbd82ad703f7e58e34eecf1f98eabb3 to remote] http.wire 73 - http-outgoing-176 << "Content-Length:72[\r][\n]"
02-06-2018 18:07:48 Wire.java DEBUG [Forwarding setTimeout on session 5dbd82ad703f7e58e34eecf1f98eabb3 to remote] http.wire 73 - http-outgoing-176 << "Content-Type:application/json; charset=utf-8[\r][\n]"
02-06-2018 18:07:48 Wire.java DEBUG [Forwarding setTimeout on session 5dbd82ad703f7e58e34eecf1f98eabb3 to remote] http.wire 73 - http-outgoing-176 << "Connection:close[\r][\n]"
02-06-2018 18:07:48 Wire.java DEBUG [Forwarding setTimeout on session 5dbd82ad703f7e58e34eecf1f98eabb3 to remote] http.wire 73 - http-outgoing-176 << "[\r][\n]"
02-06-2018 18:07:48 Wire.java DEBUG [Forwarding setTimeout on session 5dbd82ad703f7e58e34eecf1f98eabb3 to remote] http.wire 87 - http-outgoing-176 << "{"sessionId":"5dbd82ad703f7e58e34eecf1f98eabb3","status":0,"value":null}"
02-06-2018 18:07:48 LoggingManagedHttpClientConnection.java DEBUG [Forwarding setTimeout on session 5dbd82ad703f7e58e34eecf1f98eabb3 to remote] http.headers 122 - http-outgoing-176 << HTTP/1.1 200 OK
02-06-2018 18:07:48 LoggingManagedHttpClientConnection.java DEBUG [Forwarding setTimeout on session 5dbd82ad703f7e58e34eecf1f98eabb3 to remote] http.headers 125 - http-outgoing-176 << Content-Length:72
02-06-2018 18:07:48 LoggingManagedHttpClientConnection.java DEBUG [Forwarding setTimeout on session 5dbd82ad703f7e58e34eecf1f98eabb3 to remote] http.headers 125 - http-outgoing-176 << Content-Type:application/json; charset=utf-8
02-06-2018 18:07:48 LoggingManagedHttpClientConnection.java DEBUG [Forwarding setTimeout on session 5dbd82ad703f7e58e34eecf1f98eabb3 to remote] http.headers 125 - http-outgoing-176 << Connection:close
02-06-2018 18:07:48 LoggingManagedHttpClientConnection.java DEBUG [Forwarding setTimeout on session 5dbd82ad703f7e58e34eecf1f98eabb3 to remote] conn.DefaultManagedHttpClientConnection 79 - http-outgoing-176: Close connection
02-06-2018 18:07:48 ConnectionHolder.java DEBUG [Forwarding setTimeout on session 5dbd82ad703f7e58e34eecf1f98eabb3 to remote] execchain.MainClientExec 104 - Connection discarded
02-06-2018 18:07:48 PoolingHttpClientConnectionManager.java DEBUG [Forwarding setTimeout on session 5dbd82ad703f7e58e34eecf1f98eabb3 to remote] conn.PoolingHttpClientConnectionManager 326 - Connection released: [id: 176][route: {}->http://localhost:36586][total kept alive: 0; route allocated: 0 of 2000; total allocated: 0 of 2000]
02-06-2018 18:07:48 RequestAddCookies.java DEBUG [Forwarding get on session 5dbd82ad703f7e58e34eecf1f98eabb3 to remote] protocol.RequestAddCookies 123 - CookieSpec selected: default
02-06-2018 18:07:48 RequestAuthCache.java DEBUG [Forwarding get on session 5dbd82ad703f7e58e34eecf1f98eabb3 to remote] protocol.RequestAuthCache 77 - Auth cache not set in the context
02-06-2018 18:07:48 PoolingHttpClientConnectionManager.java DEBUG [Forwarding get on session 5dbd82ad703f7e58e34eecf1f98eabb3 to remote] conn.PoolingHttpClientConnectionManager 255 - Connection request: [route: {}->http://localhost:36586][total kept alive: 0; route allocated: 0 of 2000; total allocated: 0 of 2000]
02-06-2018 18:07:48 PoolingHttpClientConnectionManager.java DEBUG [Forwarding get on session 5dbd82ad703f7e58e34eecf1f98eabb3 to remote] conn.PoolingHttpClientConnectionManager 288 - Connection leased: [id: 177][route: {}->http://localhost:36586][total kept alive: 0; route allocated: 1 of 2000; total allocated: 1 of 2000]
02-06-2018 18:07:48 MainClientExec.java DEBUG [Forwarding get on session 5dbd82ad703f7e58e34eecf1f98eabb3 to remote] execchain.MainClientExec 235 - Opening connection {}->http://localhost:36586
02-06-2018 18:07:48 DefaultHttpClientConnectionOperator.java DEBUG [Forwarding get on session 5dbd82ad703f7e58e34eecf1f98eabb3 to remote] conn.DefaultHttpClientConnectionOperator 139 - Connecting to localhost/127.0.0.1:36586
02-06-2018 18:07:48 DefaultHttpClientConnectionOperator.java DEBUG [Forwarding get on session 5dbd82ad703f7e58e34eecf1f98eabb3 to remote] conn.DefaultHttpClientConnectionOperator 146 - Connection established 127.0.0.1:50655<->127.0.0.1:36586
02-06-2018 18:07:48 LoggingManagedHttpClientConnection.java DEBUG [Forwarding get on session 5dbd82ad703f7e58e34eecf1f98eabb3 to remote] conn.DefaultManagedHttpClientConnection 88 - http-outgoing-177: set socket timeout to 10800000
02-06-2018 18:07:48 MainClientExec.java DEBUG [Forwarding get on session 5dbd82ad703f7e58e34eecf1f98eabb3 to remote] execchain.MainClientExec 256 - Executing request POST /session/5dbd82ad703f7e58e34eecf1f98eabb3/url HTTP/1.1
02-06-2018 18:07:48 MainClientExec.java DEBUG [Forwarding get on session 5dbd82ad703f7e58e34eecf1f98eabb3 to remote] execchain.MainClientExec 261 - Target auth state: UNCHALLENGED
02-06-2018 18:07:48 MainClientExec.java DEBUG [Forwarding get on session 5dbd82ad703f7e58e34eecf1f98eabb3 to remote] execchain.MainClientExec 267 - Proxy auth state: UNCHALLENGED
02-06-2018 18:07:48 LoggingManagedHttpClientConnection.java DEBUG [Forwarding get on session 5dbd82ad703f7e58e34eecf1f98eabb3 to remote] http.headers 133 - http-outgoing-177 >> POST /session/5dbd82ad703f7e58e34eecf1f98eabb3/url HTTP/1.1
02-06-2018 18:07:48 LoggingManagedHttpClientConnection.java DEBUG [Forwarding get on session 5dbd82ad703f7e58e34eecf1f98eabb3 to remote] http.headers 136 - http-outgoing-177 >> Content-Type: application/json; charset=utf-8
02-06-2018 18:07:48 LoggingManagedHttpClientConnection.java DEBUG [Forwarding get on session 5dbd82ad703f7e58e34eecf1f98eabb3 to remote] http.headers 136 - http-outgoing-177 >> Content-Length: 36
02-06-2018 18:07:48 LoggingManagedHttpClientConnection.java DEBUG [Forwarding get on session 5dbd82ad703f7e58e34eecf1f98eabb3 to remote] http.headers 136 - http-outgoing-177 >> Host: localhost:36586
02-06-2018 18:07:48 LoggingManagedHttpClientConnection.java DEBUG [Forwarding get on session 5dbd82ad703f7e58e34eecf1f98eabb3 to remote] http.headers 136 - http-outgoing-177 >> Connection: Keep-Alive
02-06-2018 18:07:48 LoggingManagedHttpClientConnection.java DEBUG [Forwarding get on session 5dbd82ad703f7e58e34eecf1f98eabb3 to remote] http.headers 136 - http-outgoing-177 >> User-Agent: Apache-HttpClient/4.5.3 (Java/1.8.0_151)
02-06-2018 18:07:48 LoggingManagedHttpClientConnection.java DEBUG [Forwarding get on session 5dbd82ad703f7e58e34eecf1f98eabb3 to remote] http.headers 136 - http-outgoing-177 >> Accept-Encoding: gzip,deflate
02-06-2018 18:07:48 Wire.java DEBUG [Forwarding get on session 5dbd82ad703f7e58e34eecf1f98eabb3 to remote] http.wire 73 - http-outgoing-177 >> "POST /session/5dbd82ad703f7e58e34eecf1f98eabb3/url HTTP/1.1[\r][\n]"
02-06-2018 18:07:48 Wire.java DEBUG [Forwarding get on session 5dbd82ad703f7e58e34eecf1f98eabb3 to remote] http.wire 73 - http-outgoing-177 >> "Content-Type: application/json; charset=utf-8[\r][\n]"
02-06-2018 18:07:48 Wire.java DEBUG [Forwarding get on session 5dbd82ad703f7e58e34eecf1f98eabb3 to remote] http.wire 73 - http-outgoing-177 >> "Content-Length: 36[\r][\n]"
02-06-2018 18:07:48 Wire.java DEBUG [Forwarding get on session 5dbd82ad703f7e58e34eecf1f98eabb3 to remote] http.wire 73 - http-outgoing-177 >> "Host: localhost:36586[\r][\n]"
02-06-2018 18:07:48 Wire.java DEBUG [Forwarding get on session 5dbd82ad703f7e58e34eecf1f98eabb3 to remote] http.wire 73 - http-outgoing-177 >> "Connection: Keep-Alive[\r][\n]"
02-06-2018 18:07:48 Wire.java DEBUG [Forwarding get on session 5dbd82ad703f7e58e34eecf1f98eabb3 to remote] http.wire 73 - http-outgoing-177 >> "User-Agent: Apache-HttpClient/4.5.3 (Java/1.8.0_151)[\r][\n]"
02-06-2018 18:07:48 Wire.java DEBUG [Forwarding get on session 5dbd82ad703f7e58e34eecf1f98eabb3 to remote] http.wire 73 - http-outgoing-177 >> "Accept-Encoding: gzip,deflate[\r][\n]"
02-06-2018 18:07:48 Wire.java DEBUG [Forwarding get on session 5dbd82ad703f7e58e34eecf1f98eabb3 to remote] http.wire 73 - http-outgoing-177 >> "[\r][\n]"
02-06-2018 18:07:48 Wire.java DEBUG [Forwarding get on session 5dbd82ad703f7e58e34eecf1f98eabb3 to remote] http.wire 87 - http-outgoing-177 >> "{"url":"http://jusdone.atomic77.in"}"
02-06-2018 18:07:50 Wire.java DEBUG [Forwarding get on session 5dbd82ad703f7e58e34eecf1f98eabb3 to remote] http.wire 73 - http-outgoing-177 << "HTTP/1.1 200 OK[\r][\n]"
02-06-2018 18:07:50 Wire.java DEBUG [Forwarding get on session 5dbd82ad703f7e58e34eecf1f98eabb3 to remote] http.wire 73 - http-outgoing-177 << "Content-Length:72[\r][\n]"
02-06-2018 18:07:50 Wire.java DEBUG [Forwarding get on session 5dbd82ad703f7e58e34eecf1f98eabb3 to remote] http.wire 73 - http-outgoing-177 << "Content-Type:application/json; charset=utf-8[\r][\n]"
02-06-2018 18:07:50 Wire.java DEBUG [Forwarding get on session 5dbd82ad703f7e58e34eecf1f98eabb3 to remote] http.wire 73 - http-outgoing-177 << "Connection:close[\r][\n]"
02-06-2018 18:07:50 Wire.java DEBUG [Forwarding get on session 5dbd82ad703f7e58e34eecf1f98eabb3 to remote] http.wire 73 - http-outgoing-177 << "[\r][\n]"
02-06-2018 18:07:50 Wire.java DEBUG [Forwarding get on session 5dbd82ad703f7e58e34eecf1f98eabb3 to remote] http.wire 87 - http-outgoing-177 << "{"sessionId":"5dbd82ad703f7e58e34eecf1f98eabb3","status":0,"value":null}"
02-06-2018 18:07:50 LoggingManagedHttpClientConnection.java DEBUG [Forwarding get on session 5dbd82ad703f7e58e34eecf1f98eabb3 to remote] http.headers 122 - http-outgoing-177 << HTTP/1.1 200 OK
02-06-2018 18:07:50 LoggingManagedHttpClientConnection.java DEBUG [Forwarding get on session 5dbd82ad703f7e58e34eecf1f98eabb3 to remote] http.headers 125 - http-outgoing-177 << Content-Length:72
02-06-2018 18:07:50 LoggingManagedHttpClientConnection.java DEBUG [Forwarding get on session 5dbd82ad703f7e58e34eecf1f98eabb3 to remote] http.headers 125 - http-outgoing-177 << Content-Type:application/json; charset=utf-8
02-06-2018 18:07:50 LoggingManagedHttpClientConnection.java DEBUG [Forwarding get on session 5dbd82ad703f7e58e34eecf1f98eabb3 to remote] http.headers 125 - http-outgoing-177 << Connection:close
02-06-2018 18:07:50 LoggingManagedHttpClientConnection.java DEBUG [Forwarding get on session 5dbd82ad703f7e58e34eecf1f98eabb3 to remote] conn.DefaultManagedHttpClientConnection 79 - http-outgoing-177: Close connection
02-06-2018 18:07:50 ConnectionHolder.java DEBUG [Forwarding get on session 5dbd82ad703f7e58e34eecf1f98eabb3 to remote] execchain.MainClientExec 104 - Connection discarded
02-06-2018 18:07:50 PoolingHttpClientConnectionManager.java DEBUG [Forwarding get on session 5dbd82ad703f7e58e34eecf1f98eabb3 to remote] conn.PoolingHttpClientConnectionManager 326 - Connection released: [id: 177][route: {}->http://localhost:36586][total kept alive: 0; route allocated: 0 of 2000; total allocated: 0 of 2000]
02-06-2018 18:07:50 RequestAddCookies.java DEBUG [Forwarding findElement on session 5dbd82ad703f7e58e34eecf1f98eabb3 to remote] protocol.RequestAddCookies 123 - CookieSpec selected: default
02-06-2018 18:07:50 RequestAuthCache.java DEBUG [Forwarding findElement on session 5dbd82ad703f7e58e34eecf1f98eabb3 to remote] protocol.RequestAuthCache 77 - Auth cache not set in the context
02-06-2018 18:07:50 PoolingHttpClientConnectionManager.java DEBUG [Forwarding findElement on session 5dbd82ad703f7e58e34eecf1f98eabb3 to remote] conn.PoolingHttpClientConnectionManager 255 - Connection request: [route: {}->http://localhost:36586][total kept alive: 0; route allocated: 0 of 2000; total allocated: 0 of 2000]
02-06-2018 18:07:50 PoolingHttpClientConnectionManager.java DEBUG [Forwarding findElement on session 5dbd82ad703f7e58e34eecf1f98eabb3 to remote] conn.PoolingHttpClientConnectionManager 288 - Connection leased: [id: 178][route: {}->http://localhost:36586][total kept alive: 0; route allocated: 1 of 2000; total allocated: 1 of 2000]
02-06-2018 18:07:50 MainClientExec.java DEBUG [Forwarding findElement on session 5dbd82ad703f7e58e34eecf1f98eabb3 to remote] execchain.MainClientExec 235 - Opening connection {}->http://localhost:36586
02-06-2018 18:07:50 DefaultHttpClientConnectionOperator.java DEBUG [Forwarding findElement on session 5dbd82ad703f7e58e34eecf1f98eabb3 to remote] conn.DefaultHttpClientConnectionOperator 139 - Connecting to localhost/127.0.0.1:36586
02-06-2018 18:07:50 DefaultHttpClientConnectionOperator.java DEBUG [Forwarding findElement on session 5dbd82ad703f7e58e34eecf1f98eabb3 to remote] conn.DefaultHttpClientConnectionOperator 146 - Connection established 127.0.0.1:50662<->127.0.0.1:36586
02-06-2018 18:07:50 LoggingManagedHttpClientConnection.java DEBUG [Forwarding findElement on session 5dbd82ad703f7e58e34eecf1f98eabb3 to remote] conn.DefaultManagedHttpClientConnection 88 - http-outgoing-178: set socket timeout to 10800000
02-06-2018 18:07:50 MainClientExec.java DEBUG [Forwarding findElement on session 5dbd82ad703f7e58e34eecf1f98eabb3 to remote] execchain.MainClientExec 256 - Executing request POST /session/5dbd82ad703f7e58e34eecf1f98eabb3/element HTTP/1.1
02-06-2018 18:07:50 MainClientExec.java DEBUG [Forwarding findElement on session 5dbd82ad703f7e58e34eecf1f98eabb3 to remote] execchain.MainClientExec 261 - Target auth state: UNCHALLENGED
02-06-2018 18:07:50 MainClientExec.java DEBUG [Forwarding findElement on session 5dbd82ad703f7e58e34eecf1f98eabb3 to remote] execchain.MainClientExec 267 - Proxy auth state: UNCHALLENGED
02-06-2018 18:07:50 LoggingManagedHttpClientConnection.java DEBUG [Forwarding findElement on session 5dbd82ad703f7e58e34eecf1f98eabb3 to remote] http.headers 133 - http-outgoing-178 >> POST /session/5dbd82ad703f7e58e34eecf1f98eabb3/element HTTP/1.1
02-06-2018 18:07:50 LoggingManagedHttpClientConnection.java DEBUG [Forwarding findElement on session 5dbd82ad703f7e58e34eecf1f98eabb3 to remote] http.headers 136 - http-outgoing-178 >> Content-Type: application/json; charset=utf-8
02-06-2018 18:07:50 LoggingManagedHttpClientConnection.java DEBUG [Forwarding findElement on session 5dbd82ad703f7e58e34eecf1f98eabb3 to remote] http.headers 136 - http-outgoing-178 >> Content-Length: 64
02-06-2018 18:07:50 LoggingManagedHttpClientConnection.java DEBUG [Forwarding findElement on session 5dbd82ad703f7e58e34eecf1f98eabb3 to remote] http.headers 136 - http-outgoing-178 >> Host: localhost:36586
02-06-2018 18:07:50 LoggingManagedHttpClientConnection.java DEBUG [Forwarding findElement on session 5dbd82ad703f7e58e34eecf1f98eabb3 to remote] http.headers 136 - http-outgoing-178 >> Connection: Keep-Alive
02-06-2018 18:07:50 LoggingManagedHttpClientConnection.java DEBUG [Forwarding findElement on session 5dbd82ad703f7e58e34eecf1f98eabb3 to remote] http.headers 136 - http-outgoing-178 >> User-Agent: Apache-HttpClient/4.5.3 (Java/1.8.0_151)
02-06-2018 18:07:50 LoggingManagedHttpClientConnection.java DEBUG [Forwarding findElement on session 5dbd82ad703f7e58e34eecf1f98eabb3 to remote] http.headers 136 - http-outgoing-178 >> Accept-Encoding: gzip,deflate
02-06-2018 18:07:50 Wire.java DEBUG [Forwarding findElement on session 5dbd82ad703f7e58e34eecf1f98eabb3 to remote] http.wire 73 - http-outgoing-178 >> "POST /session/5dbd82ad703f7e58e34eecf1f98eabb3/element HTTP/1.1[\r][\n]"
02-06-2018 18:07:50 Wire.java DEBUG [Forwarding findElement on session 5dbd82ad703f7e58e34eecf1f98eabb3 to remote] http.wire 73 - http-outgoing-178 >> "Content-Type: application/json; charset=utf-8[\r][\n]"
02-06-2018 18:07:50 Wire.java DEBUG [Forwarding findElement on session 5dbd82ad703f7e58e34eecf1f98eabb3 to remote] http.wire 73 - http-outgoing-178 >> "Content-Length: 64[\r][\n]"
02-06-2018 18:07:50 Wire.java DEBUG [Forwarding findElement on session 5dbd82ad703f7e58e34eecf1f98eabb3 to remote] http.wire 73 - http-outgoing-178 >> "Host: localhost:36586[\r][\n]"
02-06-2018 18:07:50 Wire.java DEBUG [Forwarding findElement on session 5dbd82ad703f7e58e34eecf1f98eabb3 to remote] http.wire 73 - http-outgoing-178 >> "Connection: Keep-Alive[\r][\n]"
02-06-2018 18:07:50 Wire.java DEBUG [Forwarding findElement on session 5dbd82ad703f7e58e34eecf1f98eabb3 to remote] http.wire 73 - http-outgoing-178 >> "User-Agent: Apache-HttpClient/4.5.3 (Java/1.8.0_151)[\r][\n]"
02-06-2018 18:07:50 Wire.java DEBUG [Forwarding findElement on session 5dbd82ad703f7e58e34eecf1f98eabb3 to remote] http.wire 73 - http-outgoing-178 >> "Accept-Encoding: gzip,deflate[\r][\n]"
02-06-2018 18:07:50 Wire.java DEBUG [Forwarding findElement on session 5dbd82ad703f7e58e34eecf1f98eabb3 to remote] http.wire 73 - http-outgoing-178 >> "[\r][\n]"
02-06-2018 18:07:50 Wire.java DEBUG [Forwarding findElement on session 5dbd82ad703f7e58e34eecf1f98eabb3 to remote] http.wire 87 - http-outgoing-178 >> "{"using":"xpath","value":"/html/body/div[1]/div/ul/li[2]/label"}"
02-06-2018 18:07:50 Wire.java DEBUG [Forwarding findElement on session 5dbd82ad703f7e58e34eecf1f98eabb3 to remote] http.wire 73 - http-outgoing-178 << "HTTP/1.1 200 OK[\r][\n]"
02-06-2018 18:07:50 Wire.java DEBUG [Forwarding findElement on session 5dbd82ad703f7e58e34eecf1f98eabb3 to remote] http.wire 73 - http-outgoing-178 << "Content-Length:102[\r][\n]"
02-06-2018 18:07:50 Wire.java DEBUG [Forwarding findElement on session 5dbd82ad703f7e58e34eecf1f98eabb3 to remote] http.wire 73 - http-outgoing-178 << "Content-Type:application/json; charset=utf-8[\r][\n]"
02-06-2018 18:07:50 Wire.java DEBUG [Forwarding findElement on session 5dbd82ad703f7e58e34eecf1f98eabb3 to remote] http.wire 73 - http-outgoing-178 << "Connection:close[\r][\n]"
02-06-2018 18:07:50 Wire.java DEBUG [Forwarding findElement on session 5dbd82ad703f7e58e34eecf1f98eabb3 to remote] http.wire 73 - http-outgoing-178 << "[\r][\n]"
02-06-2018 18:07:50 Wire.java DEBUG [Forwarding findElement on session 5dbd82ad703f7e58e34eecf1f98eabb3 to remote] http.wire 87 - http-outgoing-178 << "{"sessionId":"5dbd82ad703f7e58e34eecf1f98eabb3","status":0,"value":{"ELEMENT":"0.1353079470869718-1"}}"
02-06-2018 18:07:50 LoggingManagedHttpClientConnection.java DEBUG [Forwarding findElement on session 5dbd82ad703f7e58e34eecf1f98eabb3 to remote] http.headers 122 - http-outgoing-178 << HTTP/1.1 200 OK
02-06-2018 18:07:50 LoggingManagedHttpClientConnection.java DEBUG [Forwarding findElement on session 5dbd82ad703f7e58e34eecf1f98eabb3 to remote] http.headers 125 - http-outgoing-178 << Content-Length:102
02-06-2018 18:07:50 LoggingManagedHttpClientConnection.java DEBUG [Forwarding findElement on session 5dbd82ad703f7e58e34eecf1f98eabb3 to remote] http.headers 125 - http-outgoing-178 << Content-Type:application/json; charset=utf-8
02-06-2018 18:07:50 LoggingManagedHttpClientConnection.java DEBUG [Forwarding findElement on session 5dbd82ad703f7e58e34eecf1f98eabb3 to remote] http.headers 125 - http-outgoing-178 << Connection:close
02-06-2018 18:07:50 LoggingManagedHttpClientConnection.java DEBUG [Forwarding findElement on session 5dbd82ad703f7e58e34eecf1f98eabb3 to remote] conn.DefaultManagedHttpClientConnection 79 - http-outgoing-178: Close connection
02-06-2018 18:07:50 ConnectionHolder.java DEBUG [Forwarding findElement on session 5dbd82ad703f7e58e34eecf1f98eabb3 to remote] execchain.MainClientExec 104 - Connection discarded
02-06-2018 18:07:50 PoolingHttpClientConnectionManager.java DEBUG [Forwarding findElement on session 5dbd82ad703f7e58e34eecf1f98eabb3 to remote] conn.PoolingHttpClientConnectionManager 326 - Connection released: [id: 178][route: {}->http://localhost:36586][total kept alive: 0; route allocated: 0 of 2000; total allocated: 0 of 2000]
02-06-2018 18:07:50 RequestAddCookies.java DEBUG [Forwarding clickElement on session 5dbd82ad703f7e58e34eecf1f98eabb3 to remote] protocol.RequestAddCookies 123 - CookieSpec selected: default
02-06-2018 18:07:50 RequestAuthCache.java DEBUG [Forwarding clickElement on session 5dbd82ad703f7e58e34eecf1f98eabb3 to remote] protocol.RequestAuthCache 77 - Auth cache not set in the context
02-06-2018 18:07:50 PoolingHttpClientConnectionManager.java DEBUG [Forwarding clickElement on session 5dbd82ad703f7e58e34eecf1f98eabb3 to remote] conn.PoolingHttpClientConnectionManager 255 - Connection request: [route: {}->http://localhost:36586][total kept alive: 0; route allocated: 0 of 2000; total allocated: 0 of 2000]
02-06-2018 18:07:50 PoolingHttpClientConnectionManager.java DEBUG [Forwarding clickElement on session 5dbd82ad703f7e58e34eecf1f98eabb3 to remote] conn.PoolingHttpClientConnectionManager 288 - Connection leased: [id: 179][route: {}->http://localhost:36586][total kept alive: 0; route allocated: 1 of 2000; total allocated: 1 of 2000]
02-06-2018 18:07:50 MainClientExec.java DEBUG [Forwarding clickElement on session 5dbd82ad703f7e58e34eecf1f98eabb3 to remote] execchain.MainClientExec 235 - Opening connection {}->http://localhost:36586
02-06-2018 18:07:50 DefaultHttpClientConnectionOperator.java DEBUG [Forwarding clickElement on session 5dbd82ad703f7e58e34eecf1f98eabb3 to remote] conn.DefaultHttpClientConnectionOperator 139 - Connecting to localhost/127.0.0.1:36586
02-06-2018 18:07:50 DefaultHttpClientConnectionOperator.java DEBUG [Forwarding clickElement on session 5dbd82ad703f7e58e34eecf1f98eabb3 to remote] conn.DefaultHttpClientConnectionOperator 146 - Connection established 127.0.0.1:50663<->127.0.0.1:36586
02-06-2018 18:07:50 LoggingManagedHttpClientConnection.java DEBUG [Forwarding clickElement on session 5dbd82ad703f7e58e34eecf1f98eabb3 to remote] conn.DefaultManagedHttpClientConnection 88 - http-outgoing-179: set socket timeout to 10800000
02-06-2018 18:07:50 MainClientExec.java DEBUG [Forwarding clickElement on session 5dbd82ad703f7e58e34eecf1f98eabb3 to remote] execchain.MainClientExec 256 - Executing request POST /session/5dbd82ad703f7e58e34eecf1f98eabb3/element/0.1353079470869718-1/click HTTP/1.1
02-06-2018 18:07:50 MainClientExec.java DEBUG [Forwarding clickElement on session 5dbd82ad703f7e58e34eecf1f98eabb3 to remote] execchain.MainClientExec 261 - Target auth state: UNCHALLENGED
02-06-2018 18:07:50 MainClientExec.java DEBUG [Forwarding clickElement on session 5dbd82ad703f7e58e34eecf1f98eabb3 to remote] execchain.MainClientExec 267 - Proxy auth state: UNCHALLENGED
02-06-2018 18:07:50 LoggingManagedHttpClientConnection.java DEBUG [Forwarding clickElement on session 5dbd82ad703f7e58e34eecf1f98eabb3 to remote] http.headers 133 - http-outgoing-179 >> POST /session/5dbd82ad703f7e58e34eecf1f98eabb3/element/0.1353079470869718-1/click HTTP/1.1
02-06-2018 18:07:50 LoggingManagedHttpClientConnection.java DEBUG [Forwarding clickElement on session 5dbd82ad703f7e58e34eecf1f98eabb3 to remote] http.headers 136 - http-outgoing-179 >> Content-Type: application/json; charset=utf-8
02-06-2018 18:07:50 LoggingManagedHttpClientConnection.java DEBUG [Forwarding clickElement on session 5dbd82ad703f7e58e34eecf1f98eabb3 to remote] http.headers 136 - http-outgoing-179 >> Content-Length: 29
02-06-2018 18:07:50 LoggingManagedHttpClientConnection.java DEBUG [Forwarding clickElement on session 5dbd82ad703f7e58e34eecf1f98eabb3 to remote] http.headers 136 - http-outgoing-179 >> Host: localhost:36586
02-06-2018 18:07:50 LoggingManagedHttpClientConnection.java DEBUG [Forwarding clickElement on session 5dbd82ad703f7e58e34eecf1f98eabb3 to remote] http.headers 136 - http-outgoing-179 >> Connection: Keep-Alive
[...]
02-06-2018 18:15:56 Wire.java DEBUG [Forwarding clickElement on session 24d300fcf97d37d523b713ca0ee8f459 to remote] http.wire 73 - http-outgoing-719 << "[\r][\n]"
02-06-2018 18:15:56 Wire.java DEBUG [Forwarding clickElement on session 24d300fcf97d37d523b713ca0ee8f459 to remote] http.wire 87 - http-outgoing-719 << "{"sessionId":"24d300fcf97d37d523b713ca0ee8f459","status":0,"value":null}"
02-06-2018 18:15:56 LoggingManagedHttpClientConnection.java DEBUG [Forwarding clickElement on session 24d300fcf97d37d523b713ca0ee8f459 to remote] http.headers 122 - http-outgoing-719 << HTTP/1.1 200 OK
02-06-2018 18:15:56 LoggingManagedHttpClientConnection.java DEBUG [Forwarding clickElement on session 24d300fcf97d37d523b713ca0ee8f459 to remote] http.headers 125 - http-outgoing-719 << Content-Length:72
02-06-2018 18:15:56 LoggingManagedHttpClientConnection.java DEBUG [Forwarding clickElement on session 24d300fcf97d37d523b713ca0ee8f459 to remote] http.headers 125 - http-outgoing-719 << Content-Type:application/json; charset=utf-8
02-06-2018 18:15:56 LoggingManagedHttpClientConnection.java DEBUG [Forwarding clickElement on session 24d300fcf97d37d523b713ca0ee8f459 to remote] http.headers 125 - http-outgoing-719 << Connection:close
02-06-2018 18:15:56 LoggingManagedHttpClientConnection.java DEBUG [Forwarding clickElement on session 24d300fcf97d37d523b713ca0ee8f459 to remote] conn.DefaultManagedHttpClientConnection 79 - http-outgoing-719: Close connection
02-06-2018 18:15:56 ConnectionHolder.java DEBUG [Forwarding clickElement on session 24d300fcf97d37d523b713ca0ee8f459 to remote] execchain.MainClientExec 104 - Connection discarded
02-06-2018 18:15:56 PoolingHttpClientConnectionManager.java DEBUG [Forwarding clickElement on session 24d300fcf97d37d523b713ca0ee8f459 to remote] conn.PoolingHttpClientConnectionManager 326 - Connection released: [id: 719][route: {}->http://localhost:14595][total kept alive: 0; route allocated: 0 of 2000; total allocated: 0 of 2000]
02-06-2018 18:15:56 RequestAddCookies.java DEBUG [Forwarding findElement on session 24d300fcf97d37d523b713ca0ee8f459 to remote] protocol.RequestAddCookies 123 - CookieSpec selected: default
02-06-2018 18:15:56 RequestAuthCache.java DEBUG [Forwarding findElement on session 24d300fcf97d37d523b713ca0ee8f459 to remote] protocol.RequestAuthCache 77 - Auth cache not set in the context
02-06-2018 18:15:56 PoolingHttpClientConnectionManager.java DEBUG [Forwarding findElement on session 24d300fcf97d37d523b713ca0ee8f459 to remote] conn.PoolingHttpClientConnectionManager 255 - Connection request: [route: {}->http://localhost:14595][total kept alive: 0; route allocated: 0 of 2000; total allocated: 0 of 2000]
02-06-2018 18:15:56 PoolingHttpClientConnectionManager.java DEBUG [Forwarding findElement on session 24d300fcf97d37d523b713ca0ee8f459 to remote] conn.PoolingHttpClientConnectionManager 288 - Connection leased: [id: 720][route: {}->http://localhost:14595][total kept alive: 0; route allocated: 1 of 2000; total allocated: 1 of 2000]
02-06-2018 18:15:56 MainClientExec.java DEBUG [Forwarding findElement on session 24d300fcf97d37d523b713ca0ee8f459 to remote] execchain.MainClientExec 235 - Opening connection {}->http://localhost:14595
02-06-2018 18:15:56 DefaultHttpClientConnectionOperator.java DEBUG [Forwarding findElement on session 24d300fcf97d37d523b713ca0ee8f459 to remote] conn.DefaultHttpClientConnectionOperator 139 - Connecting to localhost/127.0.0.1:14595
02-06-2018 18:15:56 DefaultHttpClientConnectionOperator.java DEBUG [Forwarding findElement on session 24d300fcf97d37d523b713ca0ee8f459 to remote] conn.DefaultHttpClientConnectionOperator 146 - Connection established 127.0.0.1:52007<->127.0.0.1:14595
02-06-2018 18:15:56 LoggingManagedHttpClientConnection.java DEBUG [Forwarding findElement on session 24d300fcf97d37d523b713ca0ee8f459 to remote] conn.DefaultManagedHttpClientConnection 88 - http-outgoing-720: set socket timeout to 10800000
02-06-2018 18:15:56 MainClientExec.java DEBUG [Forwarding findElement on session 24d300fcf97d37d523b713ca0ee8f459 to remote] execchain.MainClientExec 256 - Executing request POST /session/24d300fcf97d37d523b713ca0ee8f459/element HTTP/1.1
02-06-2018 18:15:56 MainClientExec.java DEBUG [Forwarding findElement on session 24d300fcf97d37d523b713ca0ee8f459 to remote] execchain.MainClientExec 261 - Target auth state: UNCHALLENGED
02-06-2018 18:15:56 MainClientExec.java DEBUG [Forwarding findElement on session 24d300fcf97d37d523b713ca0ee8f459 to remote] execchain.MainClientExec 267 - Proxy auth state: UNCHALLENGED
02-06-2018 18:15:56 LoggingManagedHttpClientConnection.java DEBUG [Forwarding findElement on session 24d300fcf97d37d523b713ca0ee8f459 to remote] http.headers 133 - http-outgoing-720 >> POST /session/24d300fcf97d37d523b713ca0ee8f459/element HTTP/1.1
02-06-2018 18:15:56 LoggingManagedHttpClientConnection.java DEBUG [Forwarding findElement on session 24d300fcf97d37d523b713ca0ee8f459 to remote] http.headers 136 - http-outgoing-720 >> Content-Type: application/json; charset=utf-8
02-06-2018 18:15:56 LoggingManagedHttpClientConnection.java DEBUG [Forwarding findElement on session 24d300fcf97d37d523b713ca0ee8f459 to remote] http.headers 136 - http-outgoing-720 >> Content-Length: 118
02-06-2018 18:15:56 LoggingManagedHttpClientConnection.java DEBUG [Forwarding findElement on session 24d300fcf97d37d523b713ca0ee8f459 to remote] http.headers 136 - http-outgoing-720 >> Host: localhost:14595
02-06-2018 18:15:56 LoggingManagedHttpClientConnection.java DEBUG [Forwarding findElement on session 24d300fcf97d37d523b713ca0ee8f459 to remote] http.headers 136 - http-outgoing-720 >> Connection: Keep-Alive
02-06-2018 18:15:56 LoggingManagedHttpClientConnection.java DEBUG [Forwarding findElement on session 24d300fcf97d37d523b713ca0ee8f459 to remote] http.headers 136 - http-outgoing-720 >> User-Agent: Apache-HttpClient/4.5.3 (Java/1.8.0_151)
02-06-2018 18:15:56 LoggingManagedHttpClientConnection.java DEBUG [Forwarding findElement on session 24d300fcf97d37d523b713ca0ee8f459 to remote] http.headers 136 - http-outgoing-720 >> Accept-Encoding: gzip,deflate
02-06-2018 18:15:56 Wire.java DEBUG [Forwarding findElement on session 24d300fcf97d37d523b713ca0ee8f459 to remote] http.wire 73 - http-outgoing-720 >> "POST /session/24d300fcf97d37d523b713ca0ee8f459/element HTTP/1.1[\r][\n]"
02-06-2018 18:15:56 Wire.java DEBUG [Forwarding findElement on session 24d300fcf97d37d523b713ca0ee8f459 to remote] http.wire 73 - http-outgoing-720 >> "Content-Type: application/json; charset=utf-8[\r][\n]"
02-06-2018 18:15:56 Wire.java DEBUG [Forwarding findElement on session 24d300fcf97d37d523b713ca0ee8f459 to remote] http.wire 73 - http-outgoing-720 >> "Content-Length: 118[\r][\n]"
02-06-2018 18:15:56 Wire.java DEBUG [Forwarding findElement on session 24d300fcf97d37d523b713ca0ee8f459 to remote] http.wire 73 - http-outgoing-720 >> "Host: localhost:14595[\r][\n]"
02-06-2018 18:15:56 Wire.java DEBUG [Forwarding findElement on session 24d300fcf97d37d523b713ca0ee8f459 to remote] http.wire 73 - http-outgoing-720 >> "Connection: Keep-Alive[\r][\n]"
02-06-2018 18:15:56 Wire.java DEBUG [Forwarding findElement on session 24d300fcf97d37d523b713ca0ee8f459 to remote] http.wire 73 - http-outgoing-720 >> "User-Agent: Apache-HttpClient/4.5.3 (Java/1.8.0_151)[\r][\n]"
02-06-2018 18:15:56 Wire.java DEBUG [Forwarding findElement on session 24d300fcf97d37d523b713ca0ee8f459 to remote] http.wire 73 - http-outgoing-720 >> "Accept-Encoding: gzip,deflate[\r][\n]"
02-06-2018 18:15:56 Wire.java DEBUG [Forwarding findElement on session 24d300fcf97d37d523b713ca0ee8f459 to remote] http.wire 73 - http-outgoing-720 >> "[\r][\n]"
02-06-2018 18:15:56 Wire.java DEBUG [Forwarding findElement on session 24d300fcf97d37d523b713ca0ee8f459 to remote] http.wire 87 - http-outgoing-720 >> "{"using":"xpath","value":"html/body/div[1]/div[1]/div/div/div[1]/div/div[2]/div[1]/div/div/div/div/center/ul/li[2]/a"}"
02-06-2018 18:15:56 Wire.java DEBUG [Forwarding findElement on session 24d300fcf97d37d523b713ca0ee8f459 to remote] http.wire 73 - http-outgoing-720 << "HTTP/1.1 200 OK[\r][\n]"
02-06-2018 18:15:56 Wire.java DEBUG [Forwarding findElement on session 24d300fcf97d37d523b713ca0ee8f459 to remote] http.wire 73 - http-outgoing-720 << "Content-Length:101[\r][\n]"
02-06-2018 18:15:56 Wire.java DEBUG [Forwarding findElement on session 24d300fcf97d37d523b713ca0ee8f459 to remote] http.wire 73 - http-outgoing-720 << "Content-Type:application/json; charset=utf-8[\r][\n]"
02-06-2018 18:15:56 Wire.java DEBUG [Forwarding findElement on session 24d300fcf97d37d523b713ca0ee8f459 to remote] http.wire 73 - http-outgoing-720 << "Connection:close[\r][\n]"
02-06-2018 18:15:56 Wire.java DEBUG [Forwarding findElement on session 24d300fcf97d37d523b713ca0ee8f459 to remote] http.wire 73 - http-outgoing-720 << "[\r][\n]"
02-06-2018 18:15:56 Wire.java DEBUG [Forwarding findElement on session 24d300fcf97d37d523b713ca0ee8f459 to remote] http.wire 87 - http-outgoing-720 << "{"sessionId":"24d300fcf97d37d523b713ca0ee8f459","status":0,"value":{"ELEMENT":"0.759319696511527-1"}}"
02-06-2018 18:15:56 LoggingManagedHttpClientConnection.java DEBUG [Forwarding findElement on session 24d300fcf97d37d523b713ca0ee8f459 to remote] http.headers 122 - http-outgoing-720 << HTTP/1.1 200 OK
02-06-2018 18:15:56 LoggingManagedHttpClientConnection.java DEBUG [Forwarding findElement on session 24d300fcf97d37d523b713ca0ee8f459 to remote] http.headers 125 - http-outgoing-720 << Content-Length:101
02-06-2018 18:15:56 LoggingManagedHttpClientConnection.java DEBUG [Forwarding findElement on session 24d300fcf97d37d523b713ca0ee8f459 to remote] http.headers 125 - http-outgoing-720 << Content-Type:application/json; charset=utf-8
02-06-2018 18:15:57 LoggingManagedHttpClientConnection.java DEBUG [Forwarding findElement on session 24d300fcf97d37d523b713ca0ee8f459 to remote] http.headers 125 - http-outgoing-720 << Connection:close
02-06-2018 18:15:57 LoggingManagedHttpClientConnection.java DEBUG [Forwarding findElement on session 24d300fcf97d37d523b713ca0ee8f459 to remote] conn.DefaultManagedHttpClientConnection 79 - http-outgoing-720: Close connection
02-06-2018 18:15:57 ConnectionHolder.java DEBUG [Forwarding findElement on session 24d300fcf97d37d523b713ca0ee8f459 to remote] execchain.MainClientExec 104 - Connection discarded
02-06-2018 18:15:57 PoolingHttpClientConnectionManager.java DEBUG [Forwarding findElement on session 24d300fcf97d37d523b713ca0ee8f459 to remote] conn.PoolingHttpClientConnectionManager 326 - Connection released: [id: 720][route: {}->http://localhost:14595][total kept alive: 0; route allocated: 0 of 2000; total allocated: 0 of 2000]
02-06-2018 18:15:57 RequestAddCookies.java DEBUG [Forwarding clickElement on session 24d300fcf97d37d523b713ca0ee8f459 to remote] protocol.RequestAddCookies 123 - CookieSpec selected: default
02-06-2018 18:15:57 RequestAuthCache.java DEBUG [Forwarding clickElement on session 24d300fcf97d37d523b713ca0ee8f459 to remote] protocol.RequestAuthCache 77 - Auth cache not set in the context
02-06-2018 18:15:57 PoolingHttpClientConnectionManager.java DEBUG [Forwarding clickElement on session 24d300fcf97d37d523b713ca0ee8f459 to remote] conn.PoolingHttpClientConnectionManager 255 - Connection request: [route: {}->http://localhost:14595][total kept alive: 0; route allocated: 0 of 2000; total allocated: 0 of 2000]
02-06-2018 18:15:57 PoolingHttpClientConnectionManager.java DEBUG [Forwarding clickElement on session 24d300fcf97d37d523b713ca0ee8f459 to remote] conn.PoolingHttpClientConnectionManager 288 - Connection leased: [id: 721][route: {}->http://localhost:14595][total kept alive: 0; route allocated: 1 of 2000; total allocated: 1 of 2000]
02-06-2018 18:15:57 MainClientExec.java DEBUG [Forwarding clickElement on session 24d300fcf97d37d523b713ca0ee8f459 to remote] execchain.MainClientExec 235 - Opening connection {}->http://localhost:14595
02-06-2018 18:15:57 DefaultHttpClientConnectionOperator.java DEBUG [Forwarding clickElement on session 24d300fcf97d37d523b713ca0ee8f459 to remote] conn.DefaultHttpClientConnectionOperator 139 - Connecting to localhost/127.0.0.1:14595
02-06-2018 18:15:57 DefaultHttpClientConnectionOperator.java DEBUG [Forwarding clickElement on session 24d300fcf97d37d523b713ca0ee8f459 to remote] conn.DefaultHttpClientConnectionOperator 146 - Connection established 127.0.0.1:52008<->127.0.0.1:14595
02-06-2018 18:15:57 LoggingManagedHttpClientConnection.java DEBUG [Forwarding clickElement on session 24d300fcf97d37d523b713ca0ee8f459 to remote] conn.DefaultManagedHttpClientConnection 88 - http-outgoing-721: set socket timeout to 10800000
02-06-2018 18:15:57 MainClientExec.java DEBUG [Forwarding clickElement on session 24d300fcf97d37d523b713ca0ee8f459 to remote] execchain.MainClientExec 256 - Executing request POST /session/24d300fcf97d37d523b713ca0ee8f459/element/0.759319696511527-1/click HTTP/1.1
02-06-2018 18:15:57 MainClientExec.java DEBUG [Forwarding clickElement on session 24d300fcf97d37d523b713ca0ee8f459 to remote] execchain.MainClientExec 261 - Target auth state: UNCHALLENGED
02-06-2018 18:15:57 MainClientExec.java DEBUG [Forwarding clickElement on session 24d300fcf97d37d523b713ca0ee8f459 to remote] execchain.MainClientExec 267 - Proxy auth state: UNCHALLENGED
02-06-2018 18:15:57 LoggingManagedHttpClientConnection.java DEBUG [Forwarding clickElement on session 24d300fcf97d37d523b713ca0ee8f459 to remote] http.headers 133 - http-outgoing-721 >> POST /session/24d300fcf97d37d523b713ca0ee8f459/element/0.759319696511527-1/click HTTP/1.1
02-06-2018 18:15:57 LoggingManagedHttpClientConnection.java DEBUG [Forwarding clickElement on session 24d300fcf97d37d523b713ca0ee8f459 to remote] http.headers 136 - http-outgoing-721 >> Content-Type: application/json; charset=utf-8
02-06-2018 18:15:57 LoggingManagedHttpClientConnection.java DEBUG [Forwarding clickElement on session 24d300fcf97d37d523b713ca0ee8f459 to remote] http.headers 136 - http-outgoing-721 >> Content-Length: 28
02-06-2018 18:15:57 LoggingManagedHttpClientConnection.java DEBUG [Forwarding clickElement on session 24d300fcf97d37d523b713ca0ee8f459 to remote] http.headers 136 - http-outgoing-721 >> Host: localhost:14595
02-06-2018 18:15:57 LoggingManagedHttpClientConnection.java DEBUG [Forwarding clickElement on session 24d300fcf97d37d523b713ca0ee8f459 to remote] http.headers 136 - http-outgoing-721 >> Connection: Keep-Alive
02-06-2018 18:15:57 LoggingManagedHttpClientConnection.java DEBUG [Forwarding clickElement on session 24d300fcf97d37d523b713ca0ee8f459 to remote] http.headers 136 - http-outgoing-721 >> User-Agent: Apache-HttpClient/4.5.3 (Java/1.8.0_151)
02-06-2018 18:15:57 LoggingManagedHttpClientConnection.java DEBUG [Forwarding clickElement on session 24d300fcf97d37d523b713ca0ee8f459 to remote] http.headers 136 - http-outgoing-721 >> Accept-Encoding: gzip,deflate
02-06-2018 18:15:57 Wire.java DEBUG [Forwarding clickElement on session 24d300fcf97d37d523b713ca0ee8f459 to remote] http.wire 73 - http-outgoing-721 >> "POST /session/24d300fcf97d37d523b713ca0ee8f459/element/0.759319696511527-1/click HTTP/1.1[\r][\n]"
02-06-2018 18:15:57 Wire.java DEBUG [Forwarding clickElement on session 24d300fcf97d37d523b713ca0ee8f459 to remote] http.wire 73 - http-outgoing-721 >> "Content-Type: application/json; charset=utf-8[\r][\n]"
02-06-2018 18:15:57 Wire.java DEBUG [Forwarding clickElement on session 24d300fcf97d37d523b713ca0ee8f459 to remote] http.wire 73 - http-outgoing-721 >> "Content-Length: 28[\r][\n]"
02-06-2018 18:15:57 Wire.java DEBUG [Forwarding clickElement on session 24d300fcf97d37d523b713ca0ee8f459 to remote] http.wire 73 - http-outgoing-721 >> "Host: localhost:14595[\r][\n]"
02-06-2018 18:15:57 Wire.java DEBUG [Forwarding clickElement on session 24d300fcf97d37d523b713ca0ee8f459 to remote] http.wire 73 - http-outgoing-721 >> "Connection: Keep-Alive[\r][\n]"
02-06-2018 18:15:57 Wire.java DEBUG [Forwarding clickElement on session 24d300fcf97d37d523b713ca0ee8f459 to remote] http.wire 73 - http-outgoing-721 >> "User-Agent: Apache-HttpClient/4.5.3 (Java/1.8.0_151)[\r][\n]"
02-06-2018 18:15:57 Wire.java DEBUG [Forwarding clickElement on session 24d300fcf97d37d523b713ca0ee8f459 to remote] http.wire 73 - http-outgoing-721 >> "Accept-Encoding: gzip,deflate[\r][\n]"
02-06-2018 18:15:57 Wire.java DEBUG [Forwarding clickElement on session 24d300fcf97d37d523b713ca0ee8f459 to remote] http.wire 73 - http-outgoing-721 >> "[\r][\n]"
02-06-2018 18:15:57 Wire.java DEBUG [Forwarding clickElement on session 24d300fcf97d37d523b713ca0ee8f459 to remote] http.wire 87 - http-outgoing-721 >> "{"id":"0.759319696511527-1"}"
02-06-2018 18:15:57 Wire.java DEBUG [Forwarding clickElement on session 24d300fcf97d37d523b713ca0ee8f459 to remote] http.wire 73 - http-outgoing-721 << "HTTP/1.1 200 OK[\r][\n]"
02-06-2018 18:15:57 Wire.java DEBUG [Forwarding clickElement on session 24d300fcf97d37d523b713ca0ee8f459 to remote] http.wire 73 - http-outgoing-721 << "Content-Length:266[\r][\n]"
02-06-2018 18:15:57 Wire.java DEBUG [Forwarding clickElement on session 24d300fcf97d37d523b713ca0ee8f459 to remote] http.wire 73 - http-outgoing-721 << "Content-Type:application/json; charset=utf-8[\r][\n]"
02-06-2018 18:15:57 Wire.java DEBUG [Forwarding clickElement on session 24d300fcf97d37d523b713ca0ee8f459 to remote] http.wire 73 - http-outgoing-721 << "Connection:close[\r][\n]"
02-06-2018 18:15:57 Wire.java DEBUG [Forwarding clickElement on session 24d300fcf97d37d523b713ca0ee8f459 to remote] http.wire 73 - http-outgoing-721 << "[\r][\n]"
02-06-2018 18:15:57 Wire.java DEBUG [Forwarding clickElement on session 24d300fcf97d37d523b713ca0ee8f459 to remote] http.wire 87 - http-outgoing-721 << "{"sessionId":"24d300fcf97d37d523b713ca0ee8f459","status":11,"value":{"message":"element not visible\n  (Session info: chrome=63.0.3239.132)\n  (Driver info: chromedriver=2.33.506120 (e3e53437346286c0bc2d2dc9aa4915ba81d9023f),platform=Windows NT 10.0.16299 x86_64)"}}"
02-06-2018 18:15:57 LoggingManagedHttpClientConnection.java DEBUG [Forwarding clickElement on session 24d300fcf97d37d523b713ca0ee8f459 to remote] http.headers 122 - http-outgoing-721 << HTTP/1.1 200 OK
02-06-2018 18:15:57 LoggingManagedHttpClientConnection.java DEBUG [Forwarding clickElement on session 24d300fcf97d37d523b713ca0ee8f459 to remote] http.headers 125 - http-outgoing-721 << Content-Length:266
02-06-2018 18:15:57 LoggingManagedHttpClientConnection.java DEBUG [Forwarding clickElement on session 24d300fcf97d37d523b713ca0ee8f459 to remote] http.headers 125 - http-outgoing-721 << Content-Type:application/json; charset=utf-8
02-06-2018 18:15:57 LoggingManagedHttpClientConnection.java DEBUG [Forwarding clickElement on session 24d300fcf97d37d523b713ca0ee8f459 to remote] http.headers 125 - http-outgoing-721 << Connection:close
02-06-2018 18:15:57 LoggingManagedHttpClientConnection.java DEBUG [Forwarding clickElement on session 24d300fcf97d37d523b713ca0ee8f459 to remote] conn.DefaultManagedHttpClientConnection 79 - http-outgoing-721: Close connection
02-06-2018 18:15:57 ConnectionHolder.java DEBUG [Forwarding clickElement on session 24d300fcf97d37d523b713ca0ee8f459 to remote] execchain.MainClientExec 104 - Connection discarded
02-06-2018 18:15:57 PoolingHttpClientConnectionManager.java DEBUG [Forwarding clickElement on session 24d300fcf97d37d523b713ca0ee8f459 to remote] conn.PoolingHttpClientConnectionManager 326 - Connection released: [id: 721][route: {}->http://localhost:14595][total kept alive: 0; route allocated: 0 of 2000; total allocated: 0 of 2000]
]]></system-out>
    <system-err><![CDATA[Starting ChromeDriver 2.33.506120 (e3e53437346286c0bc2d2dc9aa4915ba81d9023f) on port 14595
Only local connections are allowed.
Feb 06, 2018 6:15:44 PM org.openqa.selenium.remote.ProtocolHandshake createSession
INFO: Detected dialect: OSS
]]></system-err>
  </testcase>
  <testcase name="ClickLogOutBtnTest" classname="com.jusdone.qa.testcases.DashBoardTest" time="1.305"/>
</testsuite>