<?xml version="1.0" encoding="UTF-8"?>
<!-- Generated by org.testng.reporters.JUnitXMLReporter -->
<testsuite hostname="DESKTOP-3ND57S0" ignored="0" name="JusDone App Test Cases" tests="7" failures="0" timestamp="08 Jan 2018 19:41:12 GMT" time="56.439" errors="0">
  <testcase name="Landingpagetitletest" time="0.047" classname="com.jusdone.qa.testcases.LandingpageTest"/>
  <testcase name="FieldpageTest" time="1.195" classname="com.jusdone.qa.testcases.SignUppageTest"/>
  <testcase name="SignUpLogoTest" time="0.122" classname="com.jusdone.qa.testcases.LandingpageTest"/>
  <testcase name="LoginLogoTest" time="0.078" classname="com.jusdone.qa.testcases.LandingpageTest"/>
  <testcase name="AboutusLogoTest" time="0.094" classname="com.jusdone.qa.testcases.LandingpageTest"/>
  <testcase name="ContactusLogoTest" time="0.125" classname="com.jusdone.qa.testcases.LandingpageTest"/>
  <testcase name="ClickbtnTest" time="2.344" classname="com.jusdone.qa.testcases.LandingpageTest"/>
</testsuite> <!-- JusDone App Test Cases -->
