<?xml version="1.0" encoding="UTF-8"?>
<!-- Generated by org.testng.reporters.JUnitXMLReporter -->
<testsuite hostname="DESKTOP-3ND57S0" ignored="0" name="LandingPageTest" tests="6" failures="0" timestamp="08 Jan 2018 19:48:16 GMT" time="45.928" errors="0">
  <testcase name="Landingpagetitletest" time="0.053" classname="com.jusdone.qa.testcases.LandingpageTest"/>
  <testcase name="SignUpLogoTest" time="0.175" classname="com.jusdone.qa.testcases.LandingpageTest"/>
  <testcase name="LoginLogoTest" time="0.126" classname="com.jusdone.qa.testcases.LandingpageTest"/>
  <testcase name="AboutusLogoTest" time="0.098" classname="com.jusdone.qa.testcases.LandingpageTest"/>
  <testcase name="ContactusLogoTest" time="0.1" classname="com.jusdone.qa.testcases.LandingpageTest"/>
  <testcase name="ClickbtnTest" time="2.154" classname="com.jusdone.qa.testcases.LandingpageTest"/>
</testsuite> <!-- LandingPageTest -->
